<?xml version="1.0" encoding="UTF-8"?>
<!-- Generated by org.testng.reporters.JUnitReportReporter -->
<testsuite hostname="COL-TNUZUM" failures="0" tests="2" name="EME.MakePaymentTest" time="25.264" errors="0" timestamp="01 Aug 2019 17:38:45 GMT" skipped="0">
  <testcase classname="EME.MakePaymentTest" name="MakePayment" time="24.218"/>
  <testcase classname="EME.MakePaymentTest" name="ConfirmPaymentApplied" time="1.046"/>
</testsuite> <!-- EME.MakePaymentTest -->
