<?xml version="1.0" encoding="UTF-8"?>
<!-- Generated by org.testng.reporters.JUnitReportReporter -->
<testsuite hostname="COL-TNUZUM" failures="0" tests="4" name="EME.loginPageTest" time="0.806" errors="0" timestamp="2019-10-17T16:03:04 EDT" skipped="0">
  <testcase classname="EME.loginPageTest" name="pageTitle" time="0.012"/>
  <testcase classname="EME.loginPageTest" name="pageTextLabels" time="0.137"/>
  <testcase classname="EME.loginPageTest" name="noUserMessages" time="0.286"/>
  <testcase classname="EME.loginPageTest" name="wrongCredentialsMessages" time="0.371"/>
</testsuite> <!-- EME.loginPageTest -->
