<?xml version="1.0" encoding="UTF-8"?>
<!-- Generated by org.testng.reporters.JUnitReportReporter -->
<testsuite hostname="COL-TNUZUM" failures="0" tests="1" name="EME.PageLaunchTest" time="3.204" errors="0" timestamp="2019-10-18T09:31:04 EDT" skipped="0">
  <testcase classname="EME.PageLaunchTest" name="ScheduleClassesButtonTest" time="3.204"/>
</testsuite> <!-- EME.PageLaunchTest -->
