<?xml version="1.0" encoding="UTF-8"?>
<!-- Generated by org.testng.reporters.JUnitReportReporter -->
<testsuite hostname="COL-TNUZUM" failures="0" tests="5" name="EME.MemberLoginTest" time="92.778" errors="0" timestamp="22 Jul 2019 21:01:34 GMT" skipped="0">
  <testcase classname="EME.MemberLoginTest" name="activeMember1Login" time="14.358"/>
  <testcase classname="EME.MemberLoginTest" name="activeMember2Login" time="24.033"/>
  <testcase classname="EME.MemberLoginTest" name="activeMember3Login" time="24.297"/>
  <testcase classname="EME.MemberLoginTest" name="activeMember5Login" time="15.940"/>
  <testcase classname="EME.MemberLoginTest" name="activeMember4Login" time="14.150"/>
</testsuite> <!-- EME.MemberLoginTest -->
