<?xml version="1.0" encoding="UTF-8"?>
<!-- Generated by org.testng.reporters.JUnitReportReporter -->
<testsuite hostname="COL-TNUZUM" failures="0" tests="6" name="EME.MemberLoginTest" time="54.645" errors="0" timestamp="26 Jul 2019 19:17:36 GMT" skipped="0">
  <testcase classname="EME.MemberLoginTest" name="activeMember1Login" time="6.084"/>
  <testcase classname="EME.MemberLoginTest" name="activeMember2Login" time="11.852"/>
  <testcase classname="EME.MemberLoginTest" name="activeMember3Login" time="9.483"/>
  <testcase classname="EME.MemberLoginTest" name="activeMember4Login" time="6.309"/>
  <testcase classname="EME.MemberLoginTest" name="collectionsMember1Login" time="10.850"/>
  <testcase classname="EME.MemberLoginTest" name="prospectMember1Login" time="10.067"/>
</testsuite> <!-- EME.MemberLoginTest -->
