<?xml version="1.0" encoding="UTF-8"?>
<!-- Generated by org.testng.reporters.JUnitReportReporter -->
<testsuite hostname="COL-TNUZUM" failures="0" tests="4" name="EME.loginPageTest" time="0.778" errors="0" timestamp="02 Aug 2019 13:08:01 GMT" skipped="0">
  <testcase classname="EME.loginPageTest" name="pageTitle" time="0.009"/>
  <testcase classname="EME.loginPageTest" name="pageTextLabels" time="0.134"/>
  <testcase classname="EME.loginPageTest" name="noUserMessages" time="0.285"/>
  <testcase classname="EME.loginPageTest" name="wrongCredentialsMessages" time="0.350"/>
</testsuite> <!-- EME.loginPageTest -->
