<?xml version="1.0" encoding="UTF-8"?>
<!-- Generated by org.testng.reporters.JUnitReportReporter -->
<testsuite hostname="COL-TNUZUM" failures="0" tests="10" name="EME.PageLaunchTest" time="36.371" errors="0" timestamp="02 Aug 2019 13:08:01 GMT" skipped="0">
  <testcase classname="EME.PageLaunchTest" name="MyPackagesButtonTest" time="3.568"/>
  <testcase classname="EME.PageLaunchTest" name="CartButtonTest" time="6.275"/>
  <testcase classname="EME.PageLaunchTest" name="AcctHistoryButtonTest" time="3.805"/>
  <testcase classname="EME.PageLaunchTest" name="PayNowButtonTest" time="3.288"/>
  <testcase classname="EME.PageLaunchTest" name="ScheduleClassesButtonTest" time="1.961"/>
  <testcase classname="EME.PageLaunchTest" name="ScheduleApptsButtonTest" time="3.142"/>
  <testcase classname="EME.PageLaunchTest" name="ManageFamilyButtonTest" time="3.636"/>
  <testcase classname="EME.PageLaunchTest" name="EditMyInfoButtonTest" time="3.720"/>
  <testcase classname="EME.PageLaunchTest" name="ForgotUsernameButtonTest" time="5.913"/>
  <testcase classname="EME.PageLaunchTest" name="ForgotPasswordButtonTest" time="1.063"/>
</testsuite> <!-- EME.PageLaunchTest -->
