<?xml version="1.0" encoding="UTF-8"?>
<!-- Generated by org.testng.reporters.JUnitReportReporter -->
<testsuite hostname="COL-TNUZUM" failures="0" tests="10" name="EME.PageLaunchTest" time="37.991" errors="0" timestamp="19 Aug 2019 13:29:15 GMT" skipped="0">
  <testcase classname="EME.PageLaunchTest" name="MyPackagesButtonTest" time="2.448"/>
  <testcase classname="EME.PageLaunchTest" name="CartButtonTest" time="2.688"/>
  <testcase classname="EME.PageLaunchTest" name="AcctHistoryButtonTest" time="3.763"/>
  <testcase classname="EME.PageLaunchTest" name="PayNowButtonTest" time="2.776"/>
  <testcase classname="EME.PageLaunchTest" name="ScheduleClassesButtonTest" time="4.024"/>
  <testcase classname="EME.PageLaunchTest" name="ScheduleApptsButtonTest" time="12.127"/>
  <testcase classname="EME.PageLaunchTest" name="ManageFamilyButtonTest" time="1.086"/>
  <testcase classname="EME.PageLaunchTest" name="EditMyInfoButtonTest" time="3.196"/>
  <testcase classname="EME.PageLaunchTest" name="ForgotUsernameButtonTest" time="4.771"/>
  <testcase classname="EME.PageLaunchTest" name="ForgotPasswordButtonTest" time="1.112"/>
</testsuite> <!-- EME.PageLaunchTest -->
