<?xml version="1.0" encoding="UTF-8"?>
<!-- Generated by org.testng.reporters.JUnitReportReporter -->
<testsuite hostname="COL-TNUZUM" failures="0" tests="2" name="EME.loginMemberTest" time="14.453" errors="0" timestamp="15 Jul 2019 20:12:41 GMT" skipped="0">
  <testcase classname="EME.loginMemberTest" name="activeUserLogin" time="7.325"/>
  <testcase classname="EME.loginMemberTest" name="activeUserLogout" time="7.128"/>
</testsuite> <!-- EME.loginMemberTest -->
