<?xml version="1.0" encoding="UTF-8"?>
<!-- Generated by org.testng.reporters.JUnitReportReporter -->
<testsuite hostname="COL-TNUZUM" failures="0" tests="6" name="EME.MemberLoginTest" time="58.134" errors="0" timestamp="30 Jul 2019 20:28:11 GMT" skipped="0">
  <testcase classname="EME.MemberLoginTest" name="activeMember1Login" time="7.281"/>
  <testcase classname="EME.MemberLoginTest" name="activeMember2Login" time="10.314"/>
  <testcase classname="EME.MemberLoginTest" name="activeMember3Login" time="13.079"/>
  <testcase classname="EME.MemberLoginTest" name="activeMember4Login" time="5.851"/>
  <testcase classname="EME.MemberLoginTest" name="collectionsMember1Login" time="11.168"/>
  <testcase classname="EME.MemberLoginTest" name="prospectMember1Login" time="10.441"/>
</testsuite> <!-- EME.MemberLoginTest -->
