<?xml version="1.0" encoding="UTF-8"?>
<!-- Generated by org.testng.reporters.JUnitReportReporter -->
<testsuite hostname="COL-TNUZUM" failures="0" tests="2" name="EME.MakePaymentTest" time="30.178" errors="0" timestamp="15 Aug 2019 15:19:23 GMT" skipped="0">
  <testcase classname="EME.MakePaymentTest" name="MakePayment" time="29.513"/>
  <testcase classname="EME.MakePaymentTest" name="ConfirmPaymentApplied" time="0.665"/>
</testsuite> <!-- EME.MakePaymentTest -->
