<?xml version="1.0" encoding="UTF-8"?>
<!-- Generated by org.testng.reporters.JUnitReportReporter -->
<testsuite hostname="COL-TNUZUM" failures="0" tests="6" name="EME.MemberLoginTest" time="51.576" errors="0" timestamp="01 Aug 2019 17:38:45 GMT" skipped="0">
  <testcase classname="EME.MemberLoginTest" name="activeMember1Login" time="5.238"/>
  <testcase classname="EME.MemberLoginTest" name="activeMember2Login" time="9.789"/>
  <testcase classname="EME.MemberLoginTest" name="activeMember3Login" time="10.763"/>
  <testcase classname="EME.MemberLoginTest" name="activeMember4Login" time="6.397"/>
  <testcase classname="EME.MemberLoginTest" name="collectionsMember1Login" time="8.930"/>
  <testcase classname="EME.MemberLoginTest" name="prospectMember1Login" time="10.459"/>
</testsuite> <!-- EME.MemberLoginTest -->
