<?xml version="1.0" encoding="UTF-8"?>
<!-- Generated by org.testng.reporters.JUnitReportReporter -->
<testsuite hostname="COL-TNUZUM" failures="0" tests="3" name="EME.MakeGroupApptTest" time="43.450" errors="0" timestamp="01 Aug 2019 17:38:45 GMT" skipped="0">
  <testcase classname="EME.MakeGroupApptTest" name="ScheduleAppointment" time="34.681"/>
  <testcase classname="EME.MakeGroupApptTest" name="ConfirmAppointmentIsScheduled" time="2.105"/>
  <testcase classname="EME.MakeGroupApptTest" name="CancelAppointment" time="6.664"/>
</testsuite> <!-- EME.MakeGroupApptTest -->
