<?xml version="1.0" encoding="UTF-8"?>
<!-- Generated by org.testng.reporters.JUnitReportReporter -->
<testsuite hostname="COL-BKALLE" failures="0" tests="3" name="EME.MakeApptTest" time="51.844" errors="0" timestamp="2019-11-26T17:12:15 EST" skipped="0">
  <testcase classname="EME.MakeApptTest" name="ScheduleAppointment" time="46.408"/>
  <testcase classname="EME.MakeApptTest" name="ConfirmAppointmentIsScheduled" time="2.484"/>
  <testcase classname="EME.MakeApptTest" name="CancelAppointment" time="2.952"/>
</testsuite> <!-- EME.MakeApptTest -->
