<?xml version="1.0" encoding="UTF-8"?>
<!-- Generated by org.testng.reporters.JUnitReportReporter -->
<testsuite hostname="COL-TNUZUM" failures="0" tests="10" name="EME.PageLaunchTest" time="30.905" errors="0" timestamp="26 Jul 2019 19:15:09 GMT" skipped="0">
  <testcase classname="EME.PageLaunchTest" name="MyPackagesButtonTest" time="3.879"/>
  <testcase classname="EME.PageLaunchTest" name="CartButtonTest" time="3.498"/>
  <testcase classname="EME.PageLaunchTest" name="AcctHistoryButtonTest" time="1.703"/>
  <testcase classname="EME.PageLaunchTest" name="PayNowButtonTest" time="1.208"/>
  <testcase classname="EME.PageLaunchTest" name="ScheduleClassesButtonTest" time="4.321"/>
  <testcase classname="EME.PageLaunchTest" name="ScheduleApptsButtonTest" time="4.937"/>
  <testcase classname="EME.PageLaunchTest" name="ManageFamilyButtonTest" time="2.386"/>
  <testcase classname="EME.PageLaunchTest" name="EditMyInfoButtonTest" time="3.756"/>
  <testcase classname="EME.PageLaunchTest" name="ForgotUsernameButtonTest" time="4.747"/>
  <testcase classname="EME.PageLaunchTest" name="ForgotPasswordButtonTest" time="0.470"/>
</testsuite> <!-- EME.PageLaunchTest -->
