<?xml version="1.0" encoding="UTF-8"?>
<!-- Generated by org.testng.reporters.JUnitReportReporter -->
<testsuite hostname="COL-TNUZUM" failures="0" tests="10" name="EME.PageLaunchTest" time="32.820" errors="0" timestamp="30 Jul 2019 20:28:11 GMT" skipped="0">
  <testcase classname="EME.PageLaunchTest" name="MyPackagesButtonTest" time="3.592"/>
  <testcase classname="EME.PageLaunchTest" name="CartButtonTest" time="6.905"/>
  <testcase classname="EME.PageLaunchTest" name="AcctHistoryButtonTest" time="2.765"/>
  <testcase classname="EME.PageLaunchTest" name="PayNowButtonTest" time="1.792"/>
  <testcase classname="EME.PageLaunchTest" name="ScheduleClassesButtonTest" time="4.521"/>
  <testcase classname="EME.PageLaunchTest" name="ScheduleApptsButtonTest" time="3.133"/>
  <testcase classname="EME.PageLaunchTest" name="ManageFamilyButtonTest" time="3.626"/>
  <testcase classname="EME.PageLaunchTest" name="EditMyInfoButtonTest" time="2.168"/>
  <testcase classname="EME.PageLaunchTest" name="ForgotUsernameButtonTest" time="3.844"/>
  <testcase classname="EME.PageLaunchTest" name="ForgotPasswordButtonTest" time="0.474"/>
</testsuite> <!-- EME.PageLaunchTest -->
