<?xml version="1.0" encoding="UTF-8"?>
<!-- Generated by org.testng.reporters.JUnitReportReporter -->
<testsuite hostname="COL-TNUZUM" failures="0" tests="1" name="EME.LocatorTestingOnly" time="4.904" errors="0" timestamp="19 Aug 2019 13:25:03 GMT" skipped="0">
  <testcase classname="EME.LocatorTestingOnly" name="locatorTestingOnly" time="4.904"/>
</testsuite> <!-- EME.LocatorTestingOnly -->
