<?xml version="1.0" encoding="UTF-8"?>
<!-- Generated by org.testng.reporters.JUnitReportReporter -->
<testsuite hostname="COL-TNUZUM" failures="0" tests="2" name="EME.ScheduleCourseTest" time="37.552" errors="0" timestamp="30 Jul 2019 20:28:11 GMT" skipped="0">
  <testcase classname="EME.ScheduleCourseTest" name="scheduleCourse" time="22.273"/>
  <testcase classname="EME.ScheduleCourseTest" name="unenrollFromCourse" time="15.279"/>
</testsuite> <!-- EME.ScheduleCourseTest -->
