<?xml version="1.0" encoding="UTF-8"?>
<!-- Generated by org.testng.reporters.JUnitReportReporter -->
<testsuite hostname="COL-TNUZUM" failures="0" tests="6" name="EME.MemberLoginTest" time="50.366" errors="0" timestamp="15 Aug 2019 15:19:23 GMT" skipped="0">
  <testcase classname="EME.MemberLoginTest" name="activeMember1Login" time="11.239"/>
  <testcase classname="EME.MemberLoginTest" name="activeMember2Login" time="7.706"/>
  <testcase classname="EME.MemberLoginTest" name="activeMember3Login" time="8.869"/>
  <testcase classname="EME.MemberLoginTest" name="activeMember4Login" time="9.075"/>
  <testcase classname="EME.MemberLoginTest" name="collectionsMember1Login" time="7.495"/>
  <testcase classname="EME.MemberLoginTest" name="prospectMember1Login" time="5.982"/>
</testsuite> <!-- EME.MemberLoginTest -->
