<?xml version="1.0" encoding="UTF-8"?>
<!-- Generated by org.testng.reporters.JUnitReportReporter -->
<testsuite hostname="COL-TNUZUM" failures="0" tests="4" name="EME.loginPageTest" time="4.258" errors="0" timestamp="15 Aug 2019 16:20:50 GMT" skipped="0">
  <testcase classname="EME.loginPageTest" name="pageTitle" time="0.009"/>
  <testcase classname="EME.loginPageTest" name="pageTextLabels" time="1.723"/>
  <testcase classname="EME.loginPageTest" name="noUserMessages" time="0.895"/>
  <testcase classname="EME.loginPageTest" name="wrongCredentialsMessages" time="1.631"/>
</testsuite> <!-- EME.loginPageTest -->
