<?xml version="1.0" encoding="UTF-8"?>
<!-- Generated by org.testng.reporters.JUnitReportReporter -->
<testsuite hostname="COL-TNUZUM" failures="0" tests="5" name="EME.loginTest" time="13.951" errors="0" timestamp="15 Jul 2019 19:52:32 GMT" skipped="0">
  <testcase classname="EME.loginTest" name="pageVerifications" time="0.011"/>
  <testcase classname="EME.loginTest" name="pageValidations" time="0.249"/>
  <testcase classname="EME.loginTest" name="activeUserLogin" time="7.356"/>
  <testcase classname="EME.loginTest" name="activeUserLogout" time="1.043"/>
  <testcase classname="EME.loginTest" name="invalidUserLogin" time="5.292"/>
</testsuite> <!-- EME.loginTest -->
