<?xml version="1.0" encoding="UTF-8"?>
<!-- Generated by org.testng.reporters.JUnitReportReporter -->
<testsuite hostname="COL-TNUZUM" failures="0" tests="2" name="EME.ScheduleClassTest" time="44.873" errors="0" timestamp="15 Aug 2019 15:19:23 GMT" skipped="0">
  <testcase classname="EME.ScheduleClassTest" name="scheduleClass" time="34.852"/>
  <testcase classname="EME.ScheduleClassTest" name="unenrollFromClass" time="10.021"/>
</testsuite> <!-- EME.ScheduleClassTest -->
