<?xml version="1.0" encoding="UTF-8"?>
<!-- Generated by org.testng.reporters.JUnitReportReporter -->
<testsuite hostname="COL-TNUZUM" failures="0" tests="2" name="EME.ScheduleClassTest" time="49.092" errors="0" timestamp="02 Aug 2019 13:08:01 GMT" skipped="0">
  <testcase classname="EME.ScheduleClassTest" name="scheduleClass" time="39.704"/>
  <testcase classname="EME.ScheduleClassTest" name="unenrollFromClass" time="9.388"/>
</testsuite> <!-- EME.ScheduleClassTest -->
