<?xml version="1.0" encoding="UTF-8"?>
<!-- Generated by org.testng.reporters.JUnitReportReporter -->
<testsuite hostname="COL-BKALLE" failures="0" tests="6" name="EME.MemberLoginTest" time="60.711" errors="0" timestamp="2019-10-15T15:52:07 EDT" skipped="0">
  <testcase classname="EME.MemberLoginTest" name="activeMember1Login" time="7.933"/>
  <testcase classname="EME.MemberLoginTest" name="activeMember2Login" time="17.317"/>
  <testcase classname="EME.MemberLoginTest" name="activeMember3Login" time="14.951"/>
  <testcase classname="EME.MemberLoginTest" name="activeMember4Login" time="7.613"/>
  <testcase classname="EME.MemberLoginTest" name="collectionsMember1Login" time="6.460"/>
  <testcase classname="EME.MemberLoginTest" name="prospectMember1Login" time="6.437"/>
</testsuite> <!-- EME.MemberLoginTest -->
