<?xml version="1.0" encoding="UTF-8"?>
<!-- Generated by org.testng.reporters.JUnitReportReporter -->
<testsuite hostname="COL-TNUZUM" failures="0" tests="10" name="EME.PageLaunchTest" time="45.462" errors="0" timestamp="23 Aug 2019 17:51:57 GMT" skipped="0">
  <testcase classname="EME.PageLaunchTest" name="MyPackagesButtonTest" time="5.568"/>
  <testcase classname="EME.PageLaunchTest" name="CartButtonTest" time="4.786"/>
  <testcase classname="EME.PageLaunchTest" name="AcctHistoryButtonTest" time="4.285"/>
  <testcase classname="EME.PageLaunchTest" name="PayNowButtonTest" time="2.752"/>
  <testcase classname="EME.PageLaunchTest" name="ScheduleClassesButtonTest" time="6.043"/>
  <testcase classname="EME.PageLaunchTest" name="ScheduleApptsButtonTest" time="12.120"/>
  <testcase classname="EME.PageLaunchTest" name="ManageFamilyButtonTest" time="2.105"/>
  <testcase classname="EME.PageLaunchTest" name="EditMyInfoButtonTest" time="2.208"/>
  <testcase classname="EME.PageLaunchTest" name="ForgotUsernameButtonTest" time="4.557"/>
  <testcase classname="EME.PageLaunchTest" name="ForgotPasswordButtonTest" time="1.038"/>
</testsuite> <!-- EME.PageLaunchTest -->
