<?xml version="1.0" encoding="UTF-8"?>
<!-- Generated by org.testng.reporters.JUnitReportReporter -->
<testsuite hostname="COL-TNUZUM" failures="0" tests="2" name="EME.LocatorTestingOnly" time="0.066" errors="0" timestamp="16 Jul 2019 20:59:02 GMT" skipped="0">
  <testcase classname="EME.LocatorTestingOnly" name="pageVerifications" time="0.065"/>
  <testcase classname="EME.LocatorTestingOnly" name="pageValidations" time="0.001"/>
</testsuite> <!-- EME.LocatorTestingOnly -->
