<?xml version="1.0" encoding="UTF-8"?>
<!-- Generated by org.testng.reporters.JUnitReportReporter -->
<testsuite hostname="COL-TNUZUM" failures="0" tests="4" name="EME.loginPageTest" time="0.770" errors="0" timestamp="27 Aug 2019 16:04:25 GMT" skipped="0">
  <testcase classname="EME.loginPageTest" name="pageTitle" time="0.009"/>
  <testcase classname="EME.loginPageTest" name="pageTextLabels" time="0.123"/>
  <testcase classname="EME.loginPageTest" name="noUserMessages" time="0.287"/>
  <testcase classname="EME.loginPageTest" name="wrongCredentialsMessages" time="0.351"/>
</testsuite> <!-- EME.loginPageTest -->
