<?xml version="1.0" encoding="UTF-8"?>
<!-- Generated by org.testng.reporters.JUnitReportReporter -->
<testsuite hostname="COL-TNUZUM" failures="0" tests="2" name="EME.MakeApptTest" time="38.439" errors="0" timestamp="24 Jul 2019 19:56:33 GMT" skipped="0">
  <testcase classname="EME.MakeApptTest" name="ScheduleAppointment" time="35.412"/>
  <testcase classname="EME.MakeApptTest" name="ConfirmAppointmentIsScheduled" time="3.027"/>
</testsuite> <!-- EME.MakeApptTest -->
