<?xml version="1.0" encoding="UTF-8"?>
<!-- Generated by org.testng.reporters.JUnitReportReporter -->
<testsuite hostname="COL-TNUZUM" failures="0" tests="2" name="EME.TestCaseTemplate" time="0.005" errors="0" timestamp="16 Jul 2019 19:21:29 GMT" skipped="0">
  <testcase classname="EME.TestCaseTemplate" name="pageVerifications" time="0.004"/>
  <testcase classname="EME.TestCaseTemplate" name="pageValidations" time="0.001"/>
</testsuite> <!-- EME.TestCaseTemplate -->
