<?xml version="1.0" encoding="UTF-8"?>
<!-- Generated by org.testng.reporters.JUnitReportReporter -->
<testsuite hostname="COL-TNUZUM" failures="0" tests="4" name="EME.loginPageTest" time="106.112" errors="0" timestamp="15 Aug 2019 14:45:57 GMT" skipped="0">
  <testcase classname="EME.loginPageTest" name="pageTitle" time="0.029"/>
  <testcase classname="EME.loginPageTest" name="pageTextLabels" time="1.646"/>
  <testcase classname="EME.loginPageTest" name="noUserMessages" time="1.054"/>
  <testcase classname="EME.loginPageTest" name="wrongCredentialsMessages" time="103.383"/>
</testsuite> <!-- EME.loginPageTest -->
