<?xml version="1.0" encoding="UTF-8"?>
<!-- Generated by org.testng.reporters.JUnitReportReporter -->
<testsuite hostname="COL-TNUZUM" failures="0" tests="8" name="EME.ButtonTest" time="4.134" errors="0" timestamp="19 Jul 2019 13:49:42 GMT" skipped="0">
  <testcase classname="EME.ButtonTest" name="myPackagesButtonTest" time="0.822"/>
  <testcase classname="EME.ButtonTest" name="CartButtonTest" time="0.277"/>
  <testcase classname="EME.ButtonTest" name="AcctHistoryButtonTest" time="0.335"/>
  <testcase classname="EME.ButtonTest" name="PayNowButtonTest" time="0.528"/>
  <testcase classname="EME.ButtonTest" name="ScheduleClassesButtonTest" time="0.768"/>
  <testcase classname="EME.ButtonTest" name="ScheduleApptsButtonTest" time="0.843"/>
  <testcase classname="EME.ButtonTest" name="ManageFamilyButtonTest" time="0.253"/>
  <testcase classname="EME.ButtonTest" name="EditMyInfoButtonTest" time="0.308"/>
</testsuite> <!-- EME.ButtonTest -->
