<?xml version="1.0" encoding="UTF-8"?>
<!-- Generated by org.testng.reporters.JUnitReportReporter -->
<testsuite hostname="COL-TNUZUM" failures="0" tests="4" name="EME.loginPageTest" time="4.253" errors="0" timestamp="07 Oct 2019 18:33:34 GMT" skipped="0">
  <testcase classname="EME.loginPageTest" name="pageTitle" time="0.012"/>
  <testcase classname="EME.loginPageTest" name="pageTextLabels" time="1.724"/>
  <testcase classname="EME.loginPageTest" name="noUserMessages" time="0.890"/>
  <testcase classname="EME.loginPageTest" name="wrongCredentialsMessages" time="1.627"/>
</testsuite> <!-- EME.loginPageTest -->
