<?xml version="1.0" encoding="UTF-8"?>
<!-- Generated by org.testng.reporters.JUnitReportReporter -->
<testsuite hostname="COL-TNUZUM" failures="0" tests="5" name="EME.MemberLoginTest" time="90.597" errors="0" timestamp="22 Jul 2019 20:11:53 GMT" skipped="0">
  <testcase classname="EME.MemberLoginTest" name="activeMember1Login" time="13.650"/>
  <testcase classname="EME.MemberLoginTest" name="activeMember2Login" time="23.409"/>
  <testcase classname="EME.MemberLoginTest" name="activeMember3Login" time="24.595"/>
  <testcase classname="EME.MemberLoginTest" name="activeMember5Login" time="14.266"/>
  <testcase classname="EME.MemberLoginTest" name="activeMember4Login" time="14.677"/>
</testsuite> <!-- EME.MemberLoginTest -->
