<?xml version="1.0" encoding="UTF-8"?>
<!-- Generated by org.testng.reporters.JUnitReportReporter -->
<testsuite hostname="COL-TNUZUM" failures="0" tests="2" name="EME.ScheduleClassTest" time="47.290" errors="0" timestamp="26 Jul 2019 14:04:03 GMT" skipped="0">
  <testcase classname="EME.ScheduleClassTest" name="scheduleClass" time="38.054"/>
  <testcase classname="EME.ScheduleClassTest" name="unenrollFromClass" time="9.236"/>
</testsuite> <!-- EME.ScheduleClassTest -->
