<?xml version="1.0" encoding="UTF-8"?>
<!-- Generated by org.testng.reporters.JUnitReportReporter -->
<testsuite hostname="COL-TNUZUM" failures="0" tests="2" name="EME.MakeApptTest" time="32.846" errors="0" timestamp="26 Jul 2019 14:04:03 GMT" skipped="0">
  <testcase classname="EME.MakeApptTest" name="ScheduleAppointment" time="29.833"/>
  <testcase classname="EME.MakeApptTest" name="ConfirmAppointmentIsScheduled" time="3.013"/>
</testsuite> <!-- EME.MakeApptTest -->
