<?xml version="1.0" encoding="UTF-8"?>
<!-- Generated by org.testng.reporters.JUnitReportReporter -->
<testsuite hostname="COL-TNUZUM" failures="0" tests="2" name="EME.MakePaymentTest" time="11.180" errors="0" timestamp="16 Aug 2019 15:01:47 GMT" skipped="0">
  <testcase classname="EME.MakePaymentTest" name="MakePayment" time="10.628"/>
  <testcase classname="EME.MakePaymentTest" name="ConfirmPaymentApplied" time="0.552"/>
</testsuite> <!-- EME.MakePaymentTest -->
