<?xml version="1.0" encoding="UTF-8"?>
<!-- Generated by org.testng.reporters.JUnitReportReporter -->
<testsuite hostname="COL-TNUZUM" failures="0" tests="6" name="EME.MemberLoginTest" time="49.742" errors="0" timestamp="2019-10-07T17:17:15 EDT" skipped="0">
  <testcase classname="EME.MemberLoginTest" name="activeMember1Login" time="5.632"/>
  <testcase classname="EME.MemberLoginTest" name="activeMember2Login" time="13.487"/>
  <testcase classname="EME.MemberLoginTest" name="activeMember3Login" time="16.156"/>
  <testcase classname="EME.MemberLoginTest" name="activeMember4Login" time="5.715"/>
  <testcase classname="EME.MemberLoginTest" name="collectionsMember1Login" time="4.384"/>
  <testcase classname="EME.MemberLoginTest" name="prospectMember1Login" time="4.368"/>
</testsuite> <!-- EME.MemberLoginTest -->
