<?xml version="1.0" encoding="UTF-8"?>
<!-- Generated by org.testng.reporters.JUnitReportReporter -->
<testsuite hostname="COL-TNUZUM" failures="0" tests="10" name="EME.ButtonTest" time="15.578" errors="0" timestamp="22 Jul 2019 20:06:23 GMT" skipped="0">
  <testcase classname="EME.ButtonTest" name="MyPackagesButtonTest" time="0.993"/>
  <testcase classname="EME.ButtonTest" name="CartButtonTest" time="0.612"/>
  <testcase classname="EME.ButtonTest" name="AcctHistoryButtonTest" time="0.665"/>
  <testcase classname="EME.ButtonTest" name="PayNowButtonTest" time="0.723"/>
  <testcase classname="EME.ButtonTest" name="ScheduleClassesButtonTest" time="1.471"/>
  <testcase classname="EME.ButtonTest" name="ScheduleApptsButtonTest" time="1.628"/>
  <testcase classname="EME.ButtonTest" name="ManageFamilyButtonTest" time="0.566"/>
  <testcase classname="EME.ButtonTest" name="EditMyInfoButtonTest" time="0.652"/>
  <testcase classname="EME.ButtonTest" name="ForgotUsernameButtonTest" time="5.817"/>
  <testcase classname="EME.ButtonTest" name="ForgotPasswordButtonTest" time="2.451"/>
</testsuite> <!-- EME.ButtonTest -->
