<?xml version="1.0" encoding="UTF-8"?>
<!-- Generated by org.testng.reporters.JUnitReportReporter -->
<testsuite hostname="COL-TNUZUM" failures="0" tests="2" name="EME.MakePaymentTest" time="38.986" errors="0" timestamp="22 Jul 2019 20:11:53 GMT" skipped="0">
  <testcase classname="EME.MakePaymentTest" name="pageVerifications" time="19.731"/>
  <testcase classname="EME.MakePaymentTest" name="pageVerifications" time="19.255"/>
</testsuite> <!-- EME.MakePaymentTest -->
