<?xml version="1.0" encoding="UTF-8"?>
<!-- Generated by org.testng.reporters.JUnitReportReporter -->
<testsuite hostname="COL-TNUZUM" failures="0" tests="4" name="EME.L_LoginPageTest" time="4.248" errors="0" timestamp="15 Aug 2019 15:19:23 GMT" skipped="0">
  <testcase classname="EME.L_LoginPageTest" name="pageTitle" time="0.008"/>
  <testcase classname="EME.L_LoginPageTest" name="pageTextLabels" time="1.723"/>
  <testcase classname="EME.L_LoginPageTest" name="noUserMessages" time="0.891"/>
  <testcase classname="EME.L_LoginPageTest" name="wrongCredentialsMessages" time="1.626"/>
</testsuite> <!-- EME.L_LoginPageTest -->
