<?xml version="1.0" encoding="UTF-8"?>
<!-- Generated by org.testng.reporters.JUnitReportReporter -->
<testsuite hostname="COL-TNUZUM" failures="0" tests="1" name="EME.ValidateMember" time="8.147" errors="0" timestamp="20 Sep 2019 18:42:04 GMT" skipped="0">
  <testcase classname="EME.ValidateMember" name="ValidateMemberName" time="8.147"/>
</testsuite> <!-- EME.ValidateMember -->
