<?xml version="1.0" encoding="UTF-8"?>
<!-- Generated by org.testng.reporters.JUnitReportReporter -->
<testsuite hostname="COL-TNUZUM" failures="0" tests="1" name="EME.LocatorTestingOnly" time="28.468" errors="0" timestamp="19 Jul 2019 20:38:56 GMT" skipped="0">
  <testcase classname="EME.LocatorTestingOnly" name="locatorTestingOnly" time="28.468"/>
</testsuite> <!-- EME.LocatorTestingOnly -->
