<?xml version="1.0" encoding="UTF-8"?>
<!-- Generated by org.testng.reporters.JUnitReportReporter -->
<testsuite hostname="COL-BKALLE" failures="0" tests="10" name="EME.PageLaunchTest" time="49.847" errors="0" timestamp="2019-10-15T15:52:07 EDT" skipped="0">
  <testcase classname="EME.PageLaunchTest" name="MyPackagesButtonTest" time="5.119"/>
  <testcase classname="EME.PageLaunchTest" name="CartButtonTest" time="4.267"/>
  <testcase classname="EME.PageLaunchTest" name="AcctHistoryButtonTest" time="4.824"/>
  <testcase classname="EME.PageLaunchTest" name="PayNowButtonTest" time="3.812"/>
  <testcase classname="EME.PageLaunchTest" name="ScheduleClassesButtonTest" time="2.472"/>
  <testcase classname="EME.PageLaunchTest" name="ScheduleApptsButtonTest" time="12.125"/>
  <testcase classname="EME.PageLaunchTest" name="ManageFamilyButtonTest" time="7.229"/>
  <testcase classname="EME.PageLaunchTest" name="EditMyInfoButtonTest" time="4.244"/>
  <testcase classname="EME.PageLaunchTest" name="ForgotUsernameButtonTest" time="5.278"/>
  <testcase classname="EME.PageLaunchTest" name="ForgotPasswordButtonTest" time="0.477"/>
</testsuite> <!-- EME.PageLaunchTest -->
