<?xml version="1.0" encoding="UTF-8"?>
<!-- Generated by org.testng.reporters.JUnitReportReporter -->
<testsuite hostname="COL-TNUZUM" failures="0" tests="4" name="EME.loginPageTest" time="4.235" errors="0" timestamp="2019-10-07T16:24:49 EDT" skipped="0">
  <testcase classname="EME.loginPageTest" name="pageTitle" time="0.010"/>
  <testcase classname="EME.loginPageTest" name="pageTextLabels" time="1.727"/>
  <testcase classname="EME.loginPageTest" name="noUserMessages" time="0.896"/>
  <testcase classname="EME.loginPageTest" name="wrongCredentialsMessages" time="1.602"/>
</testsuite> <!-- EME.loginPageTest -->
