<?xml version="1.0" encoding="UTF-8"?>
<!-- Generated by org.testng.reporters.JUnitReportReporter -->
<testsuite hostname="COL-TNUZUM" failures="0" tests="10" name="EME.PageLaunchTest" time="43.663" errors="0" timestamp="24 Jul 2019 19:56:33 GMT" skipped="0">
  <testcase classname="EME.PageLaunchTest" name="MyPackagesButtonTest" time="5.167"/>
  <testcase classname="EME.PageLaunchTest" name="CartButtonTest" time="4.267"/>
  <testcase classname="EME.PageLaunchTest" name="AcctHistoryButtonTest" time="4.314"/>
  <testcase classname="EME.PageLaunchTest" name="PayNowButtonTest" time="4.351"/>
  <testcase classname="EME.PageLaunchTest" name="ScheduleClassesButtonTest" time="4.607"/>
  <testcase classname="EME.PageLaunchTest" name="ScheduleApptsButtonTest" time="4.705"/>
  <testcase classname="EME.PageLaunchTest" name="ManageFamilyButtonTest" time="4.234"/>
  <testcase classname="EME.PageLaunchTest" name="EditMyInfoButtonTest" time="4.330"/>
  <testcase classname="EME.PageLaunchTest" name="ForgotUsernameButtonTest" time="5.461"/>
  <testcase classname="EME.PageLaunchTest" name="ForgotPasswordButtonTest" time="2.227"/>
</testsuite> <!-- EME.PageLaunchTest -->
