<?xml version="1.0" encoding="UTF-8"?>
<!-- Generated by org.testng.reporters.JUnitReportReporter -->
<testsuite hostname="COL-TNUZUM" failures="0" tests="2" name="EME.loginMemberTest" time="13.255" errors="0" timestamp="16 Jul 2019 12:52:54 GMT" skipped="0">
  <testcase classname="EME.loginMemberTest" name="activeMemberLogin" time="7.326"/>
  <testcase classname="EME.loginMemberTest" name="activeMemberLogout" time="5.929"/>
</testsuite> <!-- EME.loginMemberTest -->
