<?xml version="1.0" encoding="UTF-8"?>
<!-- Generated by org.testng.reporters.JUnitReportReporter -->
<testsuite hostname="COL-TNUZUM" failures="0" tests="2" name="EME.loginMemberTest" time="13.946" errors="0" timestamp="17 Jul 2019 13:24:48 GMT" skipped="0">
  <testcase classname="EME.loginMemberTest" name="activeMemberLogin" time="10.335"/>
  <testcase classname="EME.loginMemberTest" name="activeMemberLogout" time="3.611"/>
</testsuite> <!-- EME.loginMemberTest -->
