<?xml version="1.0" encoding="UTF-8"?>
<!-- Generated by org.testng.reporters.JUnitReportReporter -->
<testsuite hostname="COL-TNUZUM" failures="0" tests="6" name="EME.MemberLoginTest" time="52.769" errors="0" timestamp="2019-10-08T12:19:50 EDT" skipped="0">
  <testcase classname="EME.MemberLoginTest" name="activeMember1Login" time="6.339"/>
  <testcase classname="EME.MemberLoginTest" name="activeMember2Login" time="15.881"/>
  <testcase classname="EME.MemberLoginTest" name="activeMember3Login" time="15.231"/>
  <testcase classname="EME.MemberLoginTest" name="activeMember4Login" time="5.592"/>
  <testcase classname="EME.MemberLoginTest" name="collectionsMember1Login" time="4.116"/>
  <testcase classname="EME.MemberLoginTest" name="prospectMember1Login" time="5.610"/>
</testsuite> <!-- EME.MemberLoginTest -->
