<?xml version="1.0" encoding="UTF-8"?>
<!-- Generated by org.testng.reporters.JUnitReportReporter -->
<testsuite hostname="COL-TNUZUM" failures="0" tests="6" name="EME.MemberLoginTest" time="58.441" errors="0" timestamp="2019-10-17T16:03:04 EDT" skipped="0">
  <testcase classname="EME.MemberLoginTest" name="activeMember1Login" time="6.566"/>
  <testcase classname="EME.MemberLoginTest" name="activeMember2Login" time="19.337"/>
  <testcase classname="EME.MemberLoginTest" name="activeMember3Login" time="15.600"/>
  <testcase classname="EME.MemberLoginTest" name="activeMember4Login" time="6.306"/>
  <testcase classname="EME.MemberLoginTest" name="collectionsMember1Login" time="4.968"/>
  <testcase classname="EME.MemberLoginTest" name="prospectMember1Login" time="5.664"/>
</testsuite> <!-- EME.MemberLoginTest -->
