<?xml version="1.0" encoding="UTF-8"?>
<!-- Generated by org.testng.reporters.JUnitReportReporter -->
<testsuite hostname="COL-TNUZUM" failures="0" tests="6" name="EME.MemberLoginTest" time="60.241" errors="0" timestamp="19 Aug 2019 13:29:15 GMT" skipped="0">
  <testcase classname="EME.MemberLoginTest" name="activeMember1Login" time="7.716"/>
  <testcase classname="EME.MemberLoginTest" name="activeMember2Login" time="14.155"/>
  <testcase classname="EME.MemberLoginTest" name="activeMember3Login" time="14.093"/>
  <testcase classname="EME.MemberLoginTest" name="activeMember4Login" time="5.651"/>
  <testcase classname="EME.MemberLoginTest" name="collectionsMember1Login" time="13.431"/>
  <testcase classname="EME.MemberLoginTest" name="prospectMember1Login" time="5.195"/>
</testsuite> <!-- EME.MemberLoginTest -->
