<?xml version="1.0" encoding="UTF-8"?>
<!-- Generated by org.testng.reporters.JUnitReportReporter -->
<testsuite hostname="COL-TNUZUM" failures="0" tests="10" name="EME.PageLaunchTest" time="33.536" errors="0" timestamp="01 Aug 2019 17:38:45 GMT" skipped="0">
  <testcase classname="EME.PageLaunchTest" name="MyPackagesButtonTest" time="3.976"/>
  <testcase classname="EME.PageLaunchTest" name="CartButtonTest" time="5.795"/>
  <testcase classname="EME.PageLaunchTest" name="AcctHistoryButtonTest" time="1.240"/>
  <testcase classname="EME.PageLaunchTest" name="PayNowButtonTest" time="1.235"/>
  <testcase classname="EME.PageLaunchTest" name="ScheduleClassesButtonTest" time="5.552"/>
  <testcase classname="EME.PageLaunchTest" name="ScheduleApptsButtonTest" time="2.089"/>
  <testcase classname="EME.PageLaunchTest" name="ManageFamilyButtonTest" time="2.092"/>
  <testcase classname="EME.PageLaunchTest" name="EditMyInfoButtonTest" time="3.188"/>
  <testcase classname="EME.PageLaunchTest" name="ForgotUsernameButtonTest" time="7.289"/>
  <testcase classname="EME.PageLaunchTest" name="ForgotPasswordButtonTest" time="1.080"/>
</testsuite> <!-- EME.PageLaunchTest -->
