<?xml version="1.0" encoding="UTF-8"?>
<!-- Generated by org.testng.reporters.JUnitReportReporter -->
<testsuite hostname="COL-TNUZUM" failures="0" tests="2" name="EME.ScheduleCourseTest" time="35.200" errors="0" timestamp="02 Aug 2019 13:08:01 GMT" skipped="0">
  <testcase classname="EME.ScheduleCourseTest" name="scheduleCourse" time="23.873"/>
  <testcase classname="EME.ScheduleCourseTest" name="unenrollFromCourse" time="11.327"/>
</testsuite> <!-- EME.ScheduleCourseTest -->
