<?xml version="1.0" encoding="UTF-8"?>
<!-- Generated by org.testng.reporters.JUnitReportReporter -->
<testsuite hostname="COL-BKALLE" failures="0" tests="2" name="EME.ScheduleClassTest" time="41.321" errors="0" timestamp="2019-11-26T17:12:15 EST" skipped="0">
  <testcase classname="EME.ScheduleClassTest" name="scheduleClass" time="32.736"/>
  <testcase classname="EME.ScheduleClassTest" name="unenrollFromClass" time="8.585"/>
</testsuite> <!-- EME.ScheduleClassTest -->
