<?xml version="1.0" encoding="UTF-8"?>
<!-- Generated by org.testng.reporters.JUnitReportReporter -->
<testsuite hostname="COL-TNUZUM" failures="0" tests="5" name="EME.MemberLoginTest" time="98.247" errors="0" timestamp="23 Jul 2019 13:09:10 GMT" skipped="0">
  <testcase classname="EME.MemberLoginTest" name="activeMember1Login" time="18.072"/>
  <testcase classname="EME.MemberLoginTest" name="activeMember2Login" time="24.505"/>
  <testcase classname="EME.MemberLoginTest" name="activeMember3Login" time="25.784"/>
  <testcase classname="EME.MemberLoginTest" name="activeMember5Login" time="14.928"/>
  <testcase classname="EME.MemberLoginTest" name="activeMember4Login" time="14.958"/>
</testsuite> <!-- EME.MemberLoginTest -->
