<?xml version="1.0" encoding="UTF-8"?>
<!-- Generated by org.testng.reporters.JUnitReportReporter -->
<testsuite hostname="COL-TNUZUM" failures="0" tests="10" name="EME.PageLaunchTest" time="43.871" errors="0" timestamp="23 Jul 2019 15:51:53 GMT" skipped="0">
  <testcase classname="EME.PageLaunchTest" name="MyPackagesButtonTest" time="5.288"/>
  <testcase classname="EME.PageLaunchTest" name="CartButtonTest" time="4.244"/>
  <testcase classname="EME.PageLaunchTest" name="AcctHistoryButtonTest" time="4.308"/>
  <testcase classname="EME.PageLaunchTest" name="PayNowButtonTest" time="4.357"/>
  <testcase classname="EME.PageLaunchTest" name="ScheduleClassesButtonTest" time="4.607"/>
  <testcase classname="EME.PageLaunchTest" name="ScheduleApptsButtonTest" time="4.683"/>
  <testcase classname="EME.PageLaunchTest" name="ManageFamilyButtonTest" time="4.233"/>
  <testcase classname="EME.PageLaunchTest" name="EditMyInfoButtonTest" time="4.310"/>
  <testcase classname="EME.PageLaunchTest" name="ForgotUsernameButtonTest" time="5.614"/>
  <testcase classname="EME.PageLaunchTest" name="ForgotPasswordButtonTest" time="2.227"/>
</testsuite> <!-- EME.PageLaunchTest -->
