<?xml version="1.0" encoding="UTF-8"?>
<!-- Generated by org.testng.reporters.JUnitReportReporter -->
<testsuite hostname="COL-TNUZUM" failures="0" tests="10" name="EME.PageLaunchTest" time="35.371" errors="0" timestamp="07 Oct 2019 14:56:44 GMT" skipped="0">
  <testcase classname="EME.PageLaunchTest" name="MyPackagesButtonTest" time="3.953"/>
  <testcase classname="EME.PageLaunchTest" name="CartButtonTest" time="2.621"/>
  <testcase classname="EME.PageLaunchTest" name="AcctHistoryButtonTest" time="4.211"/>
  <testcase classname="EME.PageLaunchTest" name="PayNowButtonTest" time="4.328"/>
  <testcase classname="EME.PageLaunchTest" name="ScheduleClassesButtonTest" time="4.167"/>
  <testcase classname="EME.PageLaunchTest" name="ScheduleApptsButtonTest" time="5.148"/>
  <testcase classname="EME.PageLaunchTest" name="ManageFamilyButtonTest" time="3.160"/>
  <testcase classname="EME.PageLaunchTest" name="EditMyInfoButtonTest" time="3.726"/>
  <testcase classname="EME.PageLaunchTest" name="ForgotUsernameButtonTest" time="3.175"/>
  <testcase classname="EME.PageLaunchTest" name="ForgotPasswordButtonTest" time="0.882"/>
</testsuite> <!-- EME.PageLaunchTest -->
