<?xml version="1.0" encoding="UTF-8"?>
<!-- Generated by org.testng.reporters.JUnitReportReporter -->
<testsuite hostname="COL-TNUZUM" failures="0" tests="2" name="EME.ScheduleCourseTest" time="34.568" errors="0" timestamp="01 Aug 2019 17:38:45 GMT" skipped="0">
  <testcase classname="EME.ScheduleCourseTest" name="scheduleCourse" time="23.246"/>
  <testcase classname="EME.ScheduleCourseTest" name="unenrollFromCourse" time="11.322"/>
</testsuite> <!-- EME.ScheduleCourseTest -->
