<?xml version="1.0" encoding="UTF-8"?>
<!-- Generated by org.testng.reporters.JUnitReportReporter -->
<testsuite hostname="COL-TNUZUM" failures="0" tests="10" name="EME.PageLaunchTest" time="35.003" errors="0" timestamp="31 Jul 2019 19:56:12 GMT" skipped="0">
  <testcase classname="EME.PageLaunchTest" name="MyPackagesButtonTest" time="3.514"/>
  <testcase classname="EME.PageLaunchTest" name="CartButtonTest" time="5.821"/>
  <testcase classname="EME.PageLaunchTest" name="AcctHistoryButtonTest" time="2.769"/>
  <testcase classname="EME.PageLaunchTest" name="PayNowButtonTest" time="2.242"/>
  <testcase classname="EME.PageLaunchTest" name="ScheduleClassesButtonTest" time="2.446"/>
  <testcase classname="EME.PageLaunchTest" name="ScheduleApptsButtonTest" time="5.683"/>
  <testcase classname="EME.PageLaunchTest" name="ManageFamilyButtonTest" time="3.636"/>
  <testcase classname="EME.PageLaunchTest" name="EditMyInfoButtonTest" time="3.696"/>
  <testcase classname="EME.PageLaunchTest" name="ForgotUsernameButtonTest" time="4.144"/>
  <testcase classname="EME.PageLaunchTest" name="ForgotPasswordButtonTest" time="1.052"/>
</testsuite> <!-- EME.PageLaunchTest -->
