<?xml version="1.0" encoding="UTF-8"?>
<!-- Generated by org.testng.reporters.JUnitReportReporter -->
<testsuite hostname="COL-TNUZUM" failures="0" tests="1" name="EME.LocatorTestingOnly" time="9.761" errors="0" timestamp="04 Sep 2019 15:45:23 GMT" skipped="0">
  <testcase classname="EME.LocatorTestingOnly" name="locatorTestingOnly" time="9.761"/>
</testsuite> <!-- EME.LocatorTestingOnly -->
