<?xml version="1.0" encoding="UTF-8"?>
<!-- Generated by org.testng.reporters.JUnitReportReporter -->
<testsuite hostname="COL-TNUZUM" failures="0" tests="4" name="EME.loginPageTest" time="2.285" errors="0" timestamp="23 Aug 2019 17:51:57 GMT" skipped="0">
  <testcase classname="EME.loginPageTest" name="pageTitle" time="0.009"/>
  <testcase classname="EME.loginPageTest" name="pageTextLabels" time="0.124"/>
  <testcase classname="EME.loginPageTest" name="noUserMessages" time="0.289"/>
  <testcase classname="EME.loginPageTest" name="wrongCredentialsMessages" time="1.863"/>
</testsuite> <!-- EME.loginPageTest -->
