<?xml version="1.0" encoding="UTF-8"?>
<!-- Generated by org.testng.reporters.JUnitReportReporter -->
<testsuite hostname="COL-TNUZUM" failures="0" tests="10" name="EME.PageLaunchTest" time="33.591" errors="0" timestamp="15 Aug 2019 15:19:23 GMT" skipped="0">
  <testcase classname="EME.PageLaunchTest" name="MyPackagesButtonTest" time="4.487"/>
  <testcase classname="EME.PageLaunchTest" name="CartButtonTest" time="4.697"/>
  <testcase classname="EME.PageLaunchTest" name="AcctHistoryButtonTest" time="4.742"/>
  <testcase classname="EME.PageLaunchTest" name="PayNowButtonTest" time="3.238"/>
  <testcase classname="EME.PageLaunchTest" name="ScheduleClassesButtonTest" time="3.196"/>
  <testcase classname="EME.PageLaunchTest" name="ScheduleApptsButtonTest" time="4.363"/>
  <testcase classname="EME.PageLaunchTest" name="ManageFamilyButtonTest" time="3.124"/>
  <testcase classname="EME.PageLaunchTest" name="EditMyInfoButtonTest" time="1.671"/>
  <testcase classname="EME.PageLaunchTest" name="ForgotUsernameButtonTest" time="3.177"/>
  <testcase classname="EME.PageLaunchTest" name="ForgotPasswordButtonTest" time="0.896"/>
</testsuite> <!-- EME.PageLaunchTest -->
