<?xml version="1.0" encoding="UTF-8"?>
<!-- Generated by org.testng.reporters.JUnitReportReporter -->
<testsuite hostname="COL-TNUZUM" failures="0" tests="2" name="EME.MakePaymentTest" time="24.279" errors="0" timestamp="31 Jul 2019 15:46:32 GMT" skipped="0">
  <testcase classname="EME.MakePaymentTest" name="MakePayment" time="21.263"/>
  <testcase classname="EME.MakePaymentTest" name="ConfirmPaymentApplied" time="3.016"/>
</testsuite> <!-- EME.MakePaymentTest -->
