<?xml version="1.0" encoding="UTF-8"?>
<!-- Generated by org.testng.reporters.JUnitReportReporter -->
<testsuite hostname="COL-TNUZUM" failures="0" tests="1" name="EME.MakePaymentTest" time="17.551" errors="0" timestamp="24 Jul 2019 19:56:33 GMT" skipped="0">
  <testcase classname="EME.MakePaymentTest" name="pageVerifications" time="17.551"/>
</testsuite> <!-- EME.MakePaymentTest -->
