<?xml version="1.0" encoding="UTF-8"?>
<!-- Generated by org.testng.reporters.JUnitReportReporter -->
<testsuite hostname="COL-TNUZUM" failures="0" tests="8" name="EME.PageLaunchTest" time="17.393" errors="0" timestamp="23 Jul 2019 14:56:58 GMT" skipped="0">
  <testcase classname="EME.PageLaunchTest" name="MyPackagesButtonTest" time="2.502"/>
  <testcase classname="EME.PageLaunchTest" name="CartButtonTest" time="2.289"/>
  <testcase classname="EME.PageLaunchTest" name="AcctHistoryButtonTest" time="2.330"/>
  <testcase classname="EME.PageLaunchTest" name="PayNowButtonTest" time="2.453"/>
  <testcase classname="EME.PageLaunchTest" name="ScheduleClassesButtonTest" time="2.670"/>
  <testcase classname="EME.PageLaunchTest" name="ScheduleApptsButtonTest" time="2.731"/>
  <testcase classname="EME.PageLaunchTest" name="ManageFamilyButtonTest" time="2.254"/>
  <testcase classname="EME.PageLaunchTest" name="EditMyInfoButtonTest" time="0.164"/>
</testsuite> <!-- EME.PageLaunchTest -->
