<?xml version="1.0" encoding="UTF-8"?>
<!-- Generated by org.testng.reporters.JUnitReportReporter -->
<testsuite hostname="COL-TNUZUM" failures="0" tests="3" name="EME.MakeGroupApptTest" time="41.790" errors="0" timestamp="02 Aug 2019 13:08:01 GMT" skipped="0">
  <testcase classname="EME.MakeGroupApptTest" name="ScheduleAppointment" time="33.028"/>
  <testcase classname="EME.MakeGroupApptTest" name="ConfirmAppointmentIsScheduled" time="2.111"/>
  <testcase classname="EME.MakeGroupApptTest" name="CancelAppointment" time="6.651"/>
</testsuite> <!-- EME.MakeGroupApptTest -->
