<?xml version="1.0" encoding="UTF-8"?>
<!-- Generated by org.testng.reporters.JUnitReportReporter -->
<testsuite hostname="COL-TNUZUM" failures="0" tests="3" name="EME.MakeApptTest" time="20.475" errors="0" timestamp="09 Aug 2019 12:45:31 GMT" skipped="0">
  <testcase classname="EME.MakeApptTest" name="ScheduleAppointment" time="14.153"/>
  <testcase classname="EME.MakeApptTest" name="ConfirmAppointmentIsScheduled" time="3.200"/>
  <testcase classname="EME.MakeApptTest" name="CancelAppointment" time="3.122"/>
</testsuite> <!-- EME.MakeApptTest -->
