<?xml version="1.0" encoding="UTF-8"?>
<!-- Generated by org.testng.reporters.JUnitReportReporter -->
<testsuite hostname="COL-TNUZUM" failures="0" tests="6" name="EME.MemberLoginTest" time="53.658" errors="0" timestamp="2019-10-15T13:11:01 EDT" skipped="0">
  <testcase classname="EME.MemberLoginTest" name="activeMember1Login" time="6.294"/>
  <testcase classname="EME.MemberLoginTest" name="activeMember2Login" time="15.967"/>
  <testcase classname="EME.MemberLoginTest" name="activeMember3Login" time="15.630"/>
  <testcase classname="EME.MemberLoginTest" name="activeMember4Login" time="4.882"/>
  <testcase classname="EME.MemberLoginTest" name="collectionsMember1Login" time="4.681"/>
  <testcase classname="EME.MemberLoginTest" name="prospectMember1Login" time="6.204"/>
</testsuite> <!-- EME.MemberLoginTest -->
