<?xml version="1.0" encoding="UTF-8"?>
<!-- Generated by org.testng.reporters.JUnitReportReporter -->
<testsuite hostname="COL-TNUZUM" failures="0" tests="10" name="EME.PageLaunchTest" time="50.138" errors="0" timestamp="25 Jul 2019 20:27:45 GMT" skipped="0">
  <testcase classname="EME.PageLaunchTest" name="MyPackagesButtonTest" time="5.832"/>
  <testcase classname="EME.PageLaunchTest" name="CartButtonTest" time="4.643"/>
  <testcase classname="EME.PageLaunchTest" name="AcctHistoryButtonTest" time="4.713"/>
  <testcase classname="EME.PageLaunchTest" name="PayNowButtonTest" time="4.723"/>
  <testcase classname="EME.PageLaunchTest" name="ScheduleClassesButtonTest" time="5.460"/>
  <testcase classname="EME.PageLaunchTest" name="ScheduleApptsButtonTest" time="5.590"/>
  <testcase classname="EME.PageLaunchTest" name="ManageFamilyButtonTest" time="4.551"/>
  <testcase classname="EME.PageLaunchTest" name="EditMyInfoButtonTest" time="4.667"/>
  <testcase classname="EME.PageLaunchTest" name="ForgotUsernameButtonTest" time="7.507"/>
  <testcase classname="EME.PageLaunchTest" name="ForgotPasswordButtonTest" time="2.452"/>
</testsuite> <!-- EME.PageLaunchTest -->
