<?xml version="1.0" encoding="UTF-8"?>
<!-- Generated by org.testng.reporters.JUnitReportReporter -->
<testsuite hostname="COL-TNUZUM" failures="0" tests="2" name="EME.ScheduleClassTest" time="47.954" errors="0" timestamp="01 Aug 2019 17:38:45 GMT" skipped="0">
  <testcase classname="EME.ScheduleClassTest" name="scheduleClass" time="38.689"/>
  <testcase classname="EME.ScheduleClassTest" name="unenrollFromClass" time="9.265"/>
</testsuite> <!-- EME.ScheduleClassTest -->
