<?xml version="1.0" encoding="UTF-8"?>
<!-- Generated by org.testng.reporters.JUnitReportReporter -->
<testsuite hostname="COL-TNUZUM" failures="0" tests="4" name="EME.loginPageTest" time="2.177" errors="0" timestamp="19 Aug 2019 13:29:15 GMT" skipped="0">
  <testcase classname="EME.loginPageTest" name="pageTitle" time="0.010"/>
  <testcase classname="EME.loginPageTest" name="pageTextLabels" time="0.127"/>
  <testcase classname="EME.loginPageTest" name="noUserMessages" time="0.289"/>
  <testcase classname="EME.loginPageTest" name="wrongCredentialsMessages" time="1.751"/>
</testsuite> <!-- EME.loginPageTest -->
