<?xml version="1.0" encoding="UTF-8"?>
<!-- Generated by org.testng.reporters.JUnitReportReporter -->
<testsuite hostname="COL-TNUZUM" failures="0" tests="2" name="EME.ScheduleClassTest" time="52.877" errors="0" timestamp="31 Jul 2019 19:56:12 GMT" skipped="0">
  <testcase classname="EME.ScheduleClassTest" name="scheduleClass" time="40.619"/>
  <testcase classname="EME.ScheduleClassTest" name="unenrollFromClass" time="12.258"/>
</testsuite> <!-- EME.ScheduleClassTest -->
