<?xml version="1.0" encoding="UTF-8"?>
<!-- Generated by org.testng.reporters.JUnitReportReporter -->
<testsuite hostname="COL-TNUZUM" failures="0" tests="6" name="EME.MemberLoginTest" time="53.656" errors="0" timestamp="31 Jul 2019 19:56:12 GMT" skipped="0">
  <testcase classname="EME.MemberLoginTest" name="activeMember1Login" time="7.072"/>
  <testcase classname="EME.MemberLoginTest" name="activeMember2Login" time="11.140"/>
  <testcase classname="EME.MemberLoginTest" name="activeMember3Login" time="10.372"/>
  <testcase classname="EME.MemberLoginTest" name="activeMember4Login" time="5.346"/>
  <testcase classname="EME.MemberLoginTest" name="collectionsMember1Login" time="10.136"/>
  <testcase classname="EME.MemberLoginTest" name="prospectMember1Login" time="9.590"/>
</testsuite> <!-- EME.MemberLoginTest -->
