<?xml version="1.0" encoding="UTF-8"?>
<!-- Generated by org.testng.reporters.JUnitReportReporter -->
<testsuite hostname="COL-TNUZUM" failures="0" tests="3" name="EME.MakeApptTest" time="23.718" errors="0" timestamp="31 Jul 2019 15:46:32 GMT" skipped="0">
  <testcase classname="EME.MakeApptTest" name="ScheduleAppointment" time="19.737"/>
  <testcase classname="EME.MakeApptTest" name="ConfirmAppointmentIsScheduled" time="1.384"/>
  <testcase classname="EME.MakeApptTest" name="CancelAppointment" time="2.597"/>
</testsuite> <!-- EME.MakeApptTest -->
