<?xml version="1.0" encoding="UTF-8"?>
<!-- Generated by org.testng.reporters.JUnitReportReporter -->
<testsuite hostname="COL-TNUZUM" failures="0" tests="4" name="EME.loginPageTest" time="4.245" errors="0" timestamp="07 Oct 2019 14:56:44 GMT" skipped="0">
  <testcase classname="EME.loginPageTest" name="pageTitle" time="0.008"/>
  <testcase classname="EME.loginPageTest" name="pageTextLabels" time="1.715"/>
  <testcase classname="EME.loginPageTest" name="noUserMessages" time="0.908"/>
  <testcase classname="EME.loginPageTest" name="wrongCredentialsMessages" time="1.614"/>
</testsuite> <!-- EME.loginPageTest -->
