<?xml version="1.0" encoding="UTF-8"?>
<!-- Generated by org.testng.reporters.JUnitReportReporter -->
<testsuite hostname="COL-TNUZUM" failures="0" tests="4" name="EME.loginPageTest" time="1.017" errors="0" timestamp="30 Jul 2019 20:28:11 GMT" skipped="0">
  <testcase classname="EME.loginPageTest" name="pageTitle" time="0.010"/>
  <testcase classname="EME.loginPageTest" name="pageTextLabels" time="0.129"/>
  <testcase classname="EME.loginPageTest" name="noUserMessages" time="0.279"/>
  <testcase classname="EME.loginPageTest" name="wrongCredentialsMessages" time="0.599"/>
</testsuite> <!-- EME.loginPageTest -->
