<?xml version="1.0" encoding="UTF-8"?>
<!-- Generated by org.testng.reporters.JUnitReportReporter -->
<testsuite hostname="COL-TNUZUM" failures="0" tests="2" name="EME.MakePaymentTest" time="24.661" errors="0" timestamp="26 Jul 2019 14:04:03 GMT" skipped="0">
  <testcase classname="EME.MakePaymentTest" name="MakePayment" time="21.647"/>
  <testcase classname="EME.MakePaymentTest" name="ConfirmLastPaymentDateUpdated" time="3.014"/>
</testsuite> <!-- EME.MakePaymentTest -->
