<?xml version="1.0" encoding="UTF-8"?>
<!-- Generated by org.testng.reporters.JUnitReportReporter -->
<testsuite hostname="COL-TNUZUM" failures="0" tests="4" name="EME.LoginPageTest" time="4.258" errors="0" timestamp="15 Aug 2019 15:49:31 GMT" skipped="0">
  <testcase classname="EME.LoginPageTest" name="pageTitle" time="0.009"/>
  <testcase classname="EME.LoginPageTest" name="pageTextLabels" time="1.716"/>
  <testcase classname="EME.LoginPageTest" name="noUserMessages" time="0.896"/>
  <testcase classname="EME.LoginPageTest" name="wrongCredentialsMessages" time="1.637"/>
</testsuite> <!-- EME.LoginPageTest -->
