<?xml version="1.0" encoding="UTF-8"?>
<!-- Generated by org.testng.reporters.JUnitReportReporter -->
<testsuite hostname="COL-TNUZUM" failures="0" tests="6" name="EME.MemberLoginTest" time="78.474" errors="0" timestamp="16 Aug 2019 16:13:59 GMT" skipped="0">
  <testcase classname="EME.MemberLoginTest" name="activeMember1Login" time="3.553"/>
  <testcase classname="EME.MemberLoginTest" name="activeMember2Login" time="13.760"/>
  <testcase classname="EME.MemberLoginTest" name="activeMember3Login" time="14.904"/>
  <testcase classname="EME.MemberLoginTest" name="activeMember4Login" time="27.366"/>
  <testcase classname="EME.MemberLoginTest" name="collectionsMember1Login" time="14.231"/>
  <testcase classname="EME.MemberLoginTest" name="prospectMember1Login" time="4.660"/>
</testsuite> <!-- EME.MemberLoginTest -->
