<?xml version="1.0" encoding="UTF-8"?>
<!-- Generated by org.testng.reporters.JUnitReportReporter -->
<testsuite hostname="COL-BKALLE" failures="0" tests="1" name="EME.MakePaymentTest" time="10.513" errors="0" timestamp="2019-11-26T17:12:15 EST" skipped="0">
  <testcase classname="EME.MakePaymentTest" name="MakePayment" time="10.513"/>
</testsuite> <!-- EME.MakePaymentTest -->
