<?xml version="1.0" encoding="UTF-8"?>
<!-- Generated by org.testng.reporters.JUnitReportReporter -->
<testsuite hostname="COL-TNUZUM" failures="0" tests="6" name="EME.MemberLoginTest" time="59.916" errors="0" timestamp="27 Aug 2019 16:04:25 GMT" skipped="0">
  <testcase classname="EME.MemberLoginTest" name="activeMember1Login" time="4.155"/>
  <testcase classname="EME.MemberLoginTest" name="activeMember2Login" time="15.529"/>
  <testcase classname="EME.MemberLoginTest" name="activeMember3Login" time="14.966"/>
  <testcase classname="EME.MemberLoginTest" name="activeMember4Login" time="5.496"/>
  <testcase classname="EME.MemberLoginTest" name="collectionsMember1Login" time="14.022"/>
  <testcase classname="EME.MemberLoginTest" name="prospectMember1Login" time="5.748"/>
</testsuite> <!-- EME.MemberLoginTest -->
