<?xml version="1.0" encoding="UTF-8"?>
<!-- Generated by org.testng.reporters.JUnitReportReporter -->
<testsuite hostname="COL-TNUZUM" failures="0" tests="5" name="EME.MemberLoginTest" time="96.866" errors="0" timestamp="23 Jul 2019 15:41:35 GMT" skipped="0">
  <testcase classname="EME.MemberLoginTest" name="activeMember1Login" time="15.788"/>
  <testcase classname="EME.MemberLoginTest" name="activeMember2Login" time="25.042"/>
  <testcase classname="EME.MemberLoginTest" name="activeMember3Login" time="24.765"/>
  <testcase classname="EME.MemberLoginTest" name="activeMember5Login" time="15.793"/>
  <testcase classname="EME.MemberLoginTest" name="activeMember4Login" time="15.478"/>
</testsuite> <!-- EME.MemberLoginTest -->
