<?xml version="1.0" encoding="UTF-8"?>
<!-- Generated by org.testng.reporters.JUnitReportReporter -->
<testsuite hostname="COL-BKALLE" failures="0" tests="1" name="EME.MakePaymentTest" time="12.861" errors="0" timestamp="2019-11-19T17:30:59 EST" skipped="0">
  <testcase classname="EME.MakePaymentTest" name="MakePayment" time="12.861"/>
</testsuite> <!-- EME.MakePaymentTest -->
