<?xml version="1.0" encoding="UTF-8"?>
<!-- Generated by org.testng.reporters.JUnitReportReporter -->
<testsuite hostname="COL-TNUZUM" failures="0" tests="2" name="EME.MakePaymentTest" time="28.615" errors="0" timestamp="30 Jul 2019 20:28:11 GMT" skipped="0">
  <testcase classname="EME.MakePaymentTest" name="MakePayment" time="25.600"/>
  <testcase classname="EME.MakePaymentTest" name="ConfirmPaymentApplied" time="3.015"/>
</testsuite> <!-- EME.MakePaymentTest -->
