<?xml version="1.0" encoding="UTF-8"?>
<!-- Generated by org.testng.reporters.JUnitReportReporter -->
<testsuite hostname="COL-TNUZUM" failures="0" tests="10" name="EME.PageLaunchTest" time="42.020" errors="0" timestamp="27 Aug 2019 16:04:25 GMT" skipped="0">
  <testcase classname="EME.PageLaunchTest" name="MyPackagesButtonTest" time="4.565"/>
  <testcase classname="EME.PageLaunchTest" name="CartButtonTest" time="5.261"/>
  <testcase classname="EME.PageLaunchTest" name="AcctHistoryButtonTest" time="2.329"/>
  <testcase classname="EME.PageLaunchTest" name="PayNowButtonTest" time="3.296"/>
  <testcase classname="EME.PageLaunchTest" name="ScheduleClassesButtonTest" time="3.523"/>
  <testcase classname="EME.PageLaunchTest" name="ScheduleApptsButtonTest" time="13.132"/>
  <testcase classname="EME.PageLaunchTest" name="ManageFamilyButtonTest" time="1.067"/>
  <testcase classname="EME.PageLaunchTest" name="EditMyInfoButtonTest" time="2.676"/>
  <testcase classname="EME.PageLaunchTest" name="ForgotUsernameButtonTest" time="5.133"/>
  <testcase classname="EME.PageLaunchTest" name="ForgotPasswordButtonTest" time="1.038"/>
</testsuite> <!-- EME.PageLaunchTest -->
