<?xml version="1.0" encoding="UTF-8"?>
<!-- Generated by org.testng.reporters.JUnitReportReporter -->
<testsuite hostname="COL-TNUZUM" failures="0" tests="3" name="EME.MakeGroupApptTest" time="47.047" errors="0" timestamp="31 Jul 2019 19:56:12 GMT" skipped="0">
  <testcase classname="EME.MakeGroupApptTest" name="ScheduleAppointment" time="39.830"/>
  <testcase classname="EME.MakeGroupApptTest" name="ConfirmAppointmentIsScheduled" time="2.108"/>
  <testcase classname="EME.MakeGroupApptTest" name="CancelAppointment" time="5.109"/>
</testsuite> <!-- EME.MakeGroupApptTest -->
