<?xml version="1.0" encoding="UTF-8"?>
<!-- Generated by org.testng.reporters.JUnitReportReporter -->
<testsuite hostname="COL-TNUZUM" failures="0" tests="4" name="EME.loginPageTest" time="0.904" errors="0" timestamp="11 Sep 2019 17:11:47 GMT" skipped="0">
  <testcase classname="EME.loginPageTest" name="pageTitle" time="0.011"/>
  <testcase classname="EME.loginPageTest" name="pageTextLabels" time="0.284"/>
  <testcase classname="EME.loginPageTest" name="noUserMessages" time="0.197"/>
  <testcase classname="EME.loginPageTest" name="wrongCredentialsMessages" time="0.412"/>
</testsuite> <!-- EME.loginPageTest -->
