<?xml version="1.0" encoding="UTF-8"?>
<!-- Generated by org.testng.reporters.JUnitReportReporter -->
<testsuite hostname="COL-TNUZUM" failures="0" tests="6" name="EME.MemberLoginTest" time="54.240" errors="0" timestamp="16 Aug 2019 15:01:47 GMT" skipped="0">
  <testcase classname="EME.MemberLoginTest" name="activeMember1Login" time="4.208"/>
  <testcase classname="EME.MemberLoginTest" name="activeMember2Login" time="14.733"/>
  <testcase classname="EME.MemberLoginTest" name="activeMember3Login" time="14.472"/>
  <testcase classname="EME.MemberLoginTest" name="activeMember4Login" time="4.222"/>
  <testcase classname="EME.MemberLoginTest" name="collectionsMember1Login" time="12.940"/>
  <testcase classname="EME.MemberLoginTest" name="prospectMember1Login" time="3.665"/>
</testsuite> <!-- EME.MemberLoginTest -->
