<?xml version="1.0" encoding="UTF-8"?>
<!-- Generated by org.testng.reporters.JUnitReportReporter -->
<testsuite hostname="COL-TNUZUM" failures="0" tests="1" name="EME.LocatorTestingOnly" time="5.233" errors="0" timestamp="16 Aug 2019 14:40:52 GMT" skipped="0">
  <testcase classname="EME.LocatorTestingOnly" name="locatorTestingOnly" time="5.233"/>
</testsuite> <!-- EME.LocatorTestingOnly -->
