<?xml version="1.0" encoding="UTF-8"?>
<!-- Generated by org.testng.reporters.JUnitReportReporter -->
<testsuite hostname="COL-TNUZUM" failures="0" tests="10" name="EME.PageLaunchTest" time="40.331" errors="0" timestamp="11 Sep 2019 17:11:47 GMT" skipped="0">
  <testcase classname="EME.PageLaunchTest" name="MyPackagesButtonTest" time="5.690"/>
  <testcase classname="EME.PageLaunchTest" name="CartButtonTest" time="3.918"/>
  <testcase classname="EME.PageLaunchTest" name="AcctHistoryButtonTest" time="1.905"/>
  <testcase classname="EME.PageLaunchTest" name="PayNowButtonTest" time="2.981"/>
  <testcase classname="EME.PageLaunchTest" name="ScheduleClassesButtonTest" time="3.255"/>
  <testcase classname="EME.PageLaunchTest" name="ScheduleApptsButtonTest" time="12.340"/>
  <testcase classname="EME.PageLaunchTest" name="ManageFamilyButtonTest" time="4.421"/>
  <testcase classname="EME.PageLaunchTest" name="EditMyInfoButtonTest" time="0.891"/>
  <testcase classname="EME.PageLaunchTest" name="ForgotUsernameButtonTest" time="4.564"/>
  <testcase classname="EME.PageLaunchTest" name="ForgotPasswordButtonTest" time="0.366"/>
</testsuite> <!-- EME.PageLaunchTest -->
