<?xml version="1.0" encoding="UTF-8"?>
<!-- Generated by org.testng.reporters.JUnitReportReporter -->
<testsuite hostname="COL-TNUZUM" failures="0" tests="4" name="EME.loginPageTest" time="0.776" errors="0" timestamp="01 Aug 2019 17:38:45 GMT" skipped="0">
  <testcase classname="EME.loginPageTest" name="pageTitle" time="0.009"/>
  <testcase classname="EME.loginPageTest" name="pageTextLabels" time="0.128"/>
  <testcase classname="EME.loginPageTest" name="noUserMessages" time="0.290"/>
  <testcase classname="EME.loginPageTest" name="wrongCredentialsMessages" time="0.349"/>
</testsuite> <!-- EME.loginPageTest -->
