<?xml version="1.0" encoding="UTF-8"?>
<!-- Generated by org.testng.reporters.JUnitReportReporter -->
<testsuite hostname="COL-TNUZUM" failures="0" tests="2" name="EME.ScheduleClassTest" time="46.089" errors="0" timestamp="30 Jul 2019 20:28:11 GMT" skipped="0">
  <testcase classname="EME.ScheduleClassTest" name="scheduleClass" time="33.827"/>
  <testcase classname="EME.ScheduleClassTest" name="unenrollFromClass" time="12.262"/>
</testsuite> <!-- EME.ScheduleClassTest -->
