<?xml version="1.0" encoding="UTF-8"?>
<!-- Generated by org.testng.reporters.JUnitReportReporter -->
<testsuite hostname="COL-TNUZUM" failures="0" tests="10" name="EME.ButtonTest" time="24.854" errors="0" timestamp="19 Jul 2019 17:43:39 GMT" skipped="0">
  <testcase classname="EME.ButtonTest" name="myPackagesButtonTest" time="2.682"/>
  <testcase classname="EME.ButtonTest" name="CartButtonTest" time="2.254"/>
  <testcase classname="EME.ButtonTest" name="AcctHistoryButtonTest" time="2.294"/>
  <testcase classname="EME.ButtonTest" name="PayNowButtonTest" time="2.383"/>
  <testcase classname="EME.ButtonTest" name="ScheduleClassesButtonTest" time="2.667"/>
  <testcase classname="EME.ButtonTest" name="ScheduleApptsButtonTest" time="2.786"/>
  <testcase classname="EME.ButtonTest" name="ManageFamilyButtonTest" time="2.221"/>
  <testcase classname="EME.ButtonTest" name="EditMyInfoButtonTest" time="2.275"/>
  <testcase classname="EME.ButtonTest" name="ForgotUsernameButtonTest" time="5.010"/>
  <testcase classname="EME.ButtonTest" name="ForgotPasswordButtonTest" time="0.282"/>
</testsuite> <!-- EME.ButtonTest -->
