<?xml version="1.0" encoding="UTF-8"?>
<!-- Generated by org.testng.reporters.JUnitReportReporter -->
<testsuite hostname="COL-TNUZUM" failures="0" tests="2" name="EME.MakePaymentTest" time="12.612" errors="0" timestamp="27 Aug 2019 16:04:25 GMT" skipped="0">
  <testcase classname="EME.MakePaymentTest" name="MakePayment" time="12.578"/>
  <testcase classname="EME.MakePaymentTest" name="ConfirmPaymentApplied" time="0.034"/>
</testsuite> <!-- EME.MakePaymentTest -->
