<?xml version="1.0" encoding="UTF-8"?>
<!-- Generated by org.testng.reporters.JUnitReportReporter -->
<testsuite hostname="COL-TNUZUM" failures="0" tests="4" name="EME.LoginPageTest" time="4.247" errors="0" timestamp="15 Aug 2019 16:07:19 GMT" skipped="0">
  <testcase classname="EME.LoginPageTest" name="pageTitle" time="0.009"/>
  <testcase classname="EME.LoginPageTest" name="pageTextLabels" time="1.710"/>
  <testcase classname="EME.LoginPageTest" name="noUserMessages" time="0.900"/>
  <testcase classname="EME.LoginPageTest" name="wrongCredentialsMessages" time="1.628"/>
</testsuite> <!-- EME.LoginPageTest -->
