<?xml version="1.0" encoding="UTF-8"?>
<!-- Generated by org.testng.reporters.JUnitReportReporter -->
<testsuite hostname="COL-TNUZUM" failures="0" tests="3" name="EME.MakeApptTest" time="21.543" errors="0" timestamp="02 Aug 2019 13:08:01 GMT" skipped="0">
  <testcase classname="EME.MakeApptTest" name="ScheduleAppointment" time="14.802"/>
  <testcase classname="EME.MakeApptTest" name="ConfirmAppointmentIsScheduled" time="2.118"/>
  <testcase classname="EME.MakeApptTest" name="CancelAppointment" time="4.623"/>
</testsuite> <!-- EME.MakeApptTest -->
