<?xml version="1.0" encoding="UTF-8"?>
<!-- Generated by org.testng.reporters.JUnitReportReporter -->
<testsuite hostname="COL-TNUZUM" failures="0" tests="6" name="EME.MemberLoginTest" time="65.433" errors="0" timestamp="23 Aug 2019 20:15:58 GMT" skipped="0">
  <testcase classname="EME.MemberLoginTest" name="activeMember1Login" time="10.121"/>
  <testcase classname="EME.MemberLoginTest" name="activeMember2Login" time="14.814"/>
  <testcase classname="EME.MemberLoginTest" name="activeMember3Login" time="15.817"/>
  <testcase classname="EME.MemberLoginTest" name="activeMember4Login" time="5.307"/>
  <testcase classname="EME.MemberLoginTest" name="collectionsMember1Login" time="14.299"/>
  <testcase classname="EME.MemberLoginTest" name="prospectMember1Login" time="5.075"/>
</testsuite> <!-- EME.MemberLoginTest -->
