<?xml version="1.0" encoding="UTF-8"?>
<!-- Generated by org.testng.reporters.JUnitReportReporter -->
<testsuite hostname="COL-TNUZUM" failures="0" tests="5" name="EME.loginTest" time="14.185" errors="0" timestamp="15 Jul 2019 19:07:05 GMT" skipped="0">
  <testcase classname="EME.loginTest" name="pageVerifications" time="0.013"/>
  <testcase classname="EME.loginTest" name="pageValidations" time="0.184"/>
  <testcase classname="EME.loginTest" name="activeUserLogin" time="7.321"/>
  <testcase classname="EME.loginTest" name="activeUserLogout" time="1.353"/>
  <testcase classname="EME.loginTest" name="invalidUserLogin" time="5.314"/>
</testsuite> <!-- EME.loginTest -->
