<?xml version="1.0" encoding="UTF-8"?>
<!-- Generated by org.testng.reporters.JUnitReportReporter -->
<testsuite hostname="COL-TNUZUM" failures="0" tests="6" name="EME.MemberLoginTest" time="55.740" errors="0" timestamp="31 Jul 2019 15:46:32 GMT" skipped="0">
  <testcase classname="EME.MemberLoginTest" name="activeMember1Login" time="8.354"/>
  <testcase classname="EME.MemberLoginTest" name="activeMember2Login" time="9.311"/>
  <testcase classname="EME.MemberLoginTest" name="activeMember3Login" time="11.152"/>
  <testcase classname="EME.MemberLoginTest" name="activeMember4Login" time="5.235"/>
  <testcase classname="EME.MemberLoginTest" name="collectionsMember1Login" time="9.949"/>
  <testcase classname="EME.MemberLoginTest" name="prospectMember1Login" time="11.739"/>
</testsuite> <!-- EME.MemberLoginTest -->
