<?xml version="1.0" encoding="UTF-8"?>
<!-- Generated by org.testng.reporters.JUnitReportReporter -->
<testsuite hostname="COL-TNUZUM" failures="0" tests="10" name="EME.PageLaunchTest" time="36.282" errors="0" timestamp="2019-10-28T08:22:59 EDT" skipped="0">
  <testcase classname="EME.PageLaunchTest" name="MyPackagesButtonTest" time="3.564"/>
  <testcase classname="EME.PageLaunchTest" name="CartButtonTest" time="4.859"/>
  <testcase classname="EME.PageLaunchTest" name="AcctHistoryButtonTest" time="3.833"/>
  <testcase classname="EME.PageLaunchTest" name="PayNowButtonTest" time="2.261"/>
  <testcase classname="EME.PageLaunchTest" name="ScheduleClassesButtonTest" time="4.595"/>
  <testcase classname="EME.PageLaunchTest" name="ScheduleApptsButtonTest" time="2.933"/>
  <testcase classname="EME.PageLaunchTest" name="ManageFamilyButtonTest" time="5.252"/>
  <testcase classname="EME.PageLaunchTest" name="EditMyInfoButtonTest" time="4.767"/>
  <testcase classname="EME.PageLaunchTest" name="ForgotUsernameButtonTest" time="3.743"/>
  <testcase classname="EME.PageLaunchTest" name="ForgotPasswordButtonTest" time="0.475"/>
</testsuite> <!-- EME.PageLaunchTest -->
