<?xml version="1.0" encoding="UTF-8"?>
<!-- Generated by org.testng.reporters.JUnitReportReporter -->
<testsuite hostname="COL-TNUZUM" failures="0" tests="4" name="EME.loginPageTest" time="0.779" errors="0" timestamp="26 Jul 2019 19:15:09 GMT" skipped="0">
  <testcase classname="EME.loginPageTest" name="pageTitle" time="0.010"/>
  <testcase classname="EME.loginPageTest" name="pageTextLabels" time="0.146"/>
  <testcase classname="EME.loginPageTest" name="noUserMessages" time="0.279"/>
  <testcase classname="EME.loginPageTest" name="wrongCredentialsMessages" time="0.344"/>
</testsuite> <!-- EME.loginPageTest -->
