<?xml version="1.0" encoding="UTF-8"?>
<!-- Generated by org.testng.reporters.JUnitReportReporter -->
<testsuite hostname="COL-TNUZUM" failures="0" tests="10" name="EME.PageLaunchTest" time="17.979" errors="0" timestamp="23 Jul 2019 12:23:01 GMT" skipped="0">
  <testcase classname="EME.PageLaunchTest" name="MyPackagesButtonTest" time="1.078"/>
  <testcase classname="EME.PageLaunchTest" name="CartButtonTest" time="0.681"/>
  <testcase classname="EME.PageLaunchTest" name="AcctHistoryButtonTest" time="0.797"/>
  <testcase classname="EME.PageLaunchTest" name="PayNowButtonTest" time="0.820"/>
  <testcase classname="EME.PageLaunchTest" name="ScheduleClassesButtonTest" time="1.553"/>
  <testcase classname="EME.PageLaunchTest" name="ScheduleApptsButtonTest" time="1.692"/>
  <testcase classname="EME.PageLaunchTest" name="ManageFamilyButtonTest" time="0.623"/>
  <testcase classname="EME.PageLaunchTest" name="EditMyInfoButtonTest" time="0.770"/>
  <testcase classname="EME.PageLaunchTest" name="ForgotUsernameButtonTest" time="7.425"/>
  <testcase classname="EME.PageLaunchTest" name="ForgotPasswordButtonTest" time="2.540"/>
</testsuite> <!-- EME.PageLaunchTest -->
