<?xml version="1.0" encoding="UTF-8"?>
<!-- Generated by org.testng.reporters.JUnitReportReporter -->
<testsuite hostname="COL-TNUZUM" failures="0" tests="2" name="EME.MakeApptTest" time="35.806" errors="0" timestamp="25 Jul 2019 20:27:45 GMT" skipped="0">
  <testcase classname="EME.MakeApptTest" name="ScheduleAppointment" time="32.792"/>
  <testcase classname="EME.MakeApptTest" name="ConfirmAppointmentIsScheduled" time="3.014"/>
</testsuite> <!-- EME.MakeApptTest -->
