<?xml version="1.0" encoding="UTF-8"?>
<!-- Generated by org.testng.reporters.JUnitReportReporter -->
<testsuite hostname="COL-TNUZUM" failures="0" tests="11" name="EME.PageLaunchTest" time="0.001" errors="1" timestamp="2019-10-07T16:09:44 EDT" skipped="10">
  <testcase classname="EME.PageLaunchTest" name="initialize" time="0.001">
    <error message="null\JonasFitness\src\main\java\resources\properties (The system cannot find the path specified)" type="java.io.FileNotFoundException">
      <![CDATA[java.io.FileNotFoundException: null\JonasFitness\src\main\java\resources\properties (The system cannot find the path specified)
at java.base/java.io.FileInputStream.open0(Native Method)
at java.base/java.io.FileInputStream.open(FileInputStream.java:219)
at java.base/java.io.FileInputStream.<init>(FileInputStream.java:157)
at java.base/java.io.FileInputStream.<init>(FileInputStream.java:112)
at resources.base.initializeDriver(base.java:34)
at EME.PageLaunchTest.initialize(PageLaunchTest.java:34)
at java.base/jdk.internal.reflect.NativeMethodAccessorImpl.invoke0(Native Method)
at java.base/jdk.internal.reflect.NativeMethodAccessorImpl.invoke(NativeMethodAccessorImpl.java:62)
at java.base/jdk.internal.reflect.DelegatingMethodAccessorImpl.invoke(DelegatingMethodAccessorImpl.java:43)
at java.base/java.lang.reflect.Method.invoke(Method.java:566)
at org.testng.internal.MethodInvocationHelper.invokeMethod(MethodInvocationHelper.java:133)
at org.testng.internal.MethodInvocationHelper.invokeMethodConsideringTimeout(MethodInvocationHelper.java:62)
at org.testng.internal.ConfigInvoker.invokeConfigurationMethod(ConfigInvoker.java:340)
at org.testng.internal.ConfigInvoker.invokeConfigurations(ConfigInvoker.java:294)
at org.testng.TestRunner.invokeTestConfigurations(TestRunner.java:623)
at org.testng.TestRunner.beforeRun(TestRunner.java:613)
at org.testng.TestRunner.run(TestRunner.java:584)
at org.testng.SuiteRunner.runTest(SuiteRunner.java:402)
at org.testng.SuiteRunner.runSequentially(SuiteRunner.java:396)
at org.testng.SuiteRunner.privateRun(SuiteRunner.java:355)
at org.testng.SuiteRunner.run(SuiteRunner.java:304)
at org.testng.SuiteRunnerWorker.runSuite(SuiteRunnerWorker.java:53)
at org.testng.SuiteRunnerWorker.run(SuiteRunnerWorker.java:96)
at org.testng.TestNG.runSuitesSequentially(TestNG.java:1180)
at org.testng.TestNG.runSuitesLocally(TestNG.java:1102)
at org.testng.TestNG.runSuites(TestNG.java:1032)
at org.testng.TestNG.run(TestNG.java:1000)
at org.testng.remote.AbstractRemoteTestNG.run(AbstractRemoteTestNG.java:115)
at org.testng.remote.RemoteTestNG.initAndRun(RemoteTestNG.java:251)
at org.testng.remote.RemoteTestNG.main(RemoteTestNG.java:77)
]]>
    </error>
  </testcase> <!-- initialize -->
  <testcase classname="EME.PageLaunchTest" name="MyPackagesButtonTest" time="0.000">
    <skipped/>
  </testcase> <!-- MyPackagesButtonTest -->
  <testcase classname="EME.PageLaunchTest" name="CartButtonTest" time="0.000">
    <skipped/>
  </testcase> <!-- CartButtonTest -->
  <testcase classname="EME.PageLaunchTest" name="AcctHistoryButtonTest" time="0.000">
    <skipped/>
  </testcase> <!-- AcctHistoryButtonTest -->
  <testcase classname="EME.PageLaunchTest" name="PayNowButtonTest" time="0.000">
    <skipped/>
  </testcase> <!-- PayNowButtonTest -->
  <testcase classname="EME.PageLaunchTest" name="ScheduleClassesButtonTest" time="0.000">
    <skipped/>
  </testcase> <!-- ScheduleClassesButtonTest -->
  <testcase classname="EME.PageLaunchTest" name="ScheduleApptsButtonTest" time="0.000">
    <skipped/>
  </testcase> <!-- ScheduleApptsButtonTest -->
  <testcase classname="EME.PageLaunchTest" name="ManageFamilyButtonTest" time="0.000">
    <skipped/>
  </testcase> <!-- ManageFamilyButtonTest -->
  <testcase classname="EME.PageLaunchTest" name="EditMyInfoButtonTest" time="0.000">
    <skipped/>
  </testcase> <!-- EditMyInfoButtonTest -->
  <testcase classname="EME.PageLaunchTest" name="ForgotUsernameButtonTest" time="0.000">
    <skipped/>
  </testcase> <!-- ForgotUsernameButtonTest -->
  <testcase classname="EME.PageLaunchTest" name="ForgotPasswordButtonTest" time="0.000">
    <skipped/>
  </testcase> <!-- ForgotPasswordButtonTest -->
</testsuite> <!-- EME.PageLaunchTest -->
