<?xml version="1.0" encoding="UTF-8"?>
<!-- Generated by org.testng.reporters.JUnitReportReporter -->
<testsuite hostname="COL-BKALLE" failures="0" tests="1" name="EME.LocatorTestingOnly" time="5.457" errors="0" timestamp="04 Sep 2019 21:30:38 GMT" skipped="0">
  <testcase classname="EME.LocatorTestingOnly" name="locatorTestingOnly" time="5.457"/>
</testsuite> <!-- EME.LocatorTestingOnly -->
