<?xml version="1.0" encoding="UTF-8"?>
<!-- Generated by org.testng.reporters.JUnitReportReporter -->
<testsuite hostname="COL-TNUZUM" failures="0" tests="4" name="EME.loginPageTest" time="4.241" errors="0" timestamp="2019-10-07T15:49:26 EDT" skipped="0">
  <testcase classname="EME.loginPageTest" name="pageTitle" time="0.011"/>
  <testcase classname="EME.loginPageTest" name="pageTextLabels" time="1.719"/>
  <testcase classname="EME.loginPageTest" name="noUserMessages" time="0.896"/>
  <testcase classname="EME.loginPageTest" name="wrongCredentialsMessages" time="1.615"/>
</testsuite> <!-- EME.loginPageTest -->
