<?xml version="1.0" encoding="UTF-8"?>
<!-- Generated by org.testng.reporters.JUnitReportReporter -->
<testsuite hostname="COL-TNUZUM" failures="0" tests="2" name="EME.MakePaymentTest" time="22.894" errors="0" timestamp="19 Jul 2019 20:41:47 GMT" skipped="0">
  <testcase classname="EME.MakePaymentTest" name="pageVerifications" time="22.892"/>
  <testcase classname="EME.MakePaymentTest" name="pageValidations" time="0.002"/>
</testsuite> <!-- EME.MakePaymentTest -->
