<?xml version="1.0" encoding="UTF-8"?>
<!-- Generated by org.testng.reporters.JUnitReportReporter -->
<testsuite hostname="COL-TNUZUM" failures="0" tests="10" name="EME.PageLaunchTest" time="42.962" errors="0" timestamp="07 Oct 2019 18:33:34 GMT" skipped="0">
  <testcase classname="EME.PageLaunchTest" name="MyPackagesButtonTest" time="5.007"/>
  <testcase classname="EME.PageLaunchTest" name="CartButtonTest" time="6.716"/>
  <testcase classname="EME.PageLaunchTest" name="AcctHistoryButtonTest" time="4.796"/>
  <testcase classname="EME.PageLaunchTest" name="PayNowButtonTest" time="2.748"/>
  <testcase classname="EME.PageLaunchTest" name="ScheduleClassesButtonTest" time="3.717"/>
  <testcase classname="EME.PageLaunchTest" name="ScheduleApptsButtonTest" time="7.328"/>
  <testcase classname="EME.PageLaunchTest" name="ManageFamilyButtonTest" time="4.193"/>
  <testcase classname="EME.PageLaunchTest" name="EditMyInfoButtonTest" time="4.267"/>
  <testcase classname="EME.PageLaunchTest" name="ForgotUsernameButtonTest" time="3.212"/>
  <testcase classname="EME.PageLaunchTest" name="ForgotPasswordButtonTest" time="0.978"/>
</testsuite> <!-- EME.PageLaunchTest -->
