<?xml version="1.0" encoding="UTF-8"?>
<!-- Generated by org.testng.reporters.JUnitReportReporter -->
<testsuite hostname="COL-TNUZUM" failures="0" tests="2" name="EME.MakePaymentTest" time="11.438" errors="0" timestamp="27 Aug 2019 15:52:33 GMT" skipped="0">
  <testcase classname="EME.MakePaymentTest" name="MakePayment" time="10.372"/>
  <testcase classname="EME.MakePaymentTest" name="ConfirmPaymentApplied" time="1.066"/>
</testsuite> <!-- EME.MakePaymentTest -->
