<?xml version="1.0" encoding="UTF-8"?>
<!-- Generated by org.testng.reporters.JUnitReportReporter -->
<testsuite hostname="COL-TNUZUM" failures="0" tests="1" name="EME.MakePaymentTest" time="20.577" errors="0" timestamp="23 Jul 2019 12:23:01 GMT" skipped="0">
  <testcase classname="EME.MakePaymentTest" name="pageVerifications" time="20.577"/>
</testsuite> <!-- EME.MakePaymentTest -->
