<?xml version="1.0" encoding="UTF-8"?>
<!-- Generated by org.testng.reporters.JUnitReportReporter -->
<testsuite hostname="COL-TNUZUM" failures="0" tests="6" name="EME.MemberLoginTest" time="48.047" errors="0" timestamp="02 Aug 2019 13:08:01 GMT" skipped="0">
  <testcase classname="EME.MemberLoginTest" name="activeMember1Login" time="7.474"/>
  <testcase classname="EME.MemberLoginTest" name="activeMember2Login" time="9.662"/>
  <testcase classname="EME.MemberLoginTest" name="activeMember3Login" time="10.306"/>
  <testcase classname="EME.MemberLoginTest" name="activeMember4Login" time="6.715"/>
  <testcase classname="EME.MemberLoginTest" name="collectionsMember1Login" time="9.641"/>
  <testcase classname="EME.MemberLoginTest" name="prospectMember1Login" time="4.249"/>
</testsuite> <!-- EME.MemberLoginTest -->
