<?xml version="1.0" encoding="UTF-8"?>
<!-- Generated by org.testng.reporters.JUnitReportReporter -->
<testsuite hostname="COL-TNUZUM" failures="0" tests="2" name="EME.MakeApptTest" time="36.297" errors="0" timestamp="26 Jul 2019 19:15:09 GMT" skipped="0">
  <testcase classname="EME.MakeApptTest" name="ScheduleAppointment" time="33.282"/>
  <testcase classname="EME.MakeApptTest" name="ConfirmAppointmentIsScheduled" time="3.015"/>
</testsuite> <!-- EME.MakeApptTest -->
