<?xml version="1.0" encoding="UTF-8"?>
<!-- Generated by org.testng.reporters.JUnitReportReporter -->
<testsuite hostname="COL-TNUZUM" failures="0" tests="2" name="EME.MakePaymentTest" time="26.131" errors="0" timestamp="31 Jul 2019 19:56:12 GMT" skipped="0">
  <testcase classname="EME.MakePaymentTest" name="MakePayment" time="23.117"/>
  <testcase classname="EME.MakePaymentTest" name="ConfirmPaymentApplied" time="3.014"/>
</testsuite> <!-- EME.MakePaymentTest -->
