<?xml version="1.0" encoding="UTF-8"?>
<!-- Generated by org.testng.reporters.JUnitReportReporter -->
<testsuite hostname="COL-TNUZUM" failures="0" tests="10" name="EME.PageLaunchTest" time="34.412" errors="0" timestamp="26 Jul 2019 14:04:03 GMT" skipped="0">
  <testcase classname="EME.PageLaunchTest" name="MyPackagesButtonTest" time="2.374"/>
  <testcase classname="EME.PageLaunchTest" name="CartButtonTest" time="0.630"/>
  <testcase classname="EME.PageLaunchTest" name="AcctHistoryButtonTest" time="3.497"/>
  <testcase classname="EME.PageLaunchTest" name="PayNowButtonTest" time="2.319"/>
  <testcase classname="EME.PageLaunchTest" name="ScheduleClassesButtonTest" time="8.021"/>
  <testcase classname="EME.PageLaunchTest" name="ScheduleApptsButtonTest" time="3.362"/>
  <testcase classname="EME.PageLaunchTest" name="ManageFamilyButtonTest" time="0.923"/>
  <testcase classname="EME.PageLaunchTest" name="EditMyInfoButtonTest" time="2.279"/>
  <testcase classname="EME.PageLaunchTest" name="ForgotUsernameButtonTest" time="8.555"/>
  <testcase classname="EME.PageLaunchTest" name="ForgotPasswordButtonTest" time="2.452"/>
</testsuite> <!-- EME.PageLaunchTest -->
