<?xml version="1.0" encoding="UTF-8"?>
<!-- Generated by org.testng.reporters.JUnitReportReporter -->
<testsuite hostname="COL-TNUZUM" failures="0" tests="3" name="EME.MakeApptTest" time="21.956" errors="0" timestamp="01 Aug 2019 17:38:45 GMT" skipped="0">
  <testcase classname="EME.MakeApptTest" name="ScheduleAppointment" time="14.188"/>
  <testcase classname="EME.MakeApptTest" name="ConfirmAppointmentIsScheduled" time="2.113"/>
  <testcase classname="EME.MakeApptTest" name="CancelAppointment" time="5.655"/>
</testsuite> <!-- EME.MakeApptTest -->
