<?xml version="1.0" encoding="UTF-8"?>
<!-- Generated by org.testng.reporters.JUnitReportReporter -->
<testsuite hostname="COL-TNUZUM" failures="0" tests="4" name="EME.loginPageTest" time="0.875" errors="0" timestamp="16 Jul 2019 21:07:59 GMT" skipped="0">
  <testcase classname="EME.loginPageTest" name="pageTitle" time="0.012"/>
  <testcase classname="EME.loginPageTest" name="pageTextLabels" time="0.282"/>
  <testcase classname="EME.loginPageTest" name="noUserMessages" time="0.166"/>
  <testcase classname="EME.loginPageTest" name="wrongCredentialsMessages" time="0.415"/>
</testsuite> <!-- EME.loginPageTest -->
