<?xml version="1.0" encoding="UTF-8"?>
<!-- Generated by org.testng.reporters.JUnitReportReporter -->
<testsuite hostname="COL-TNUZUM" failures="0" tests="10" name="EME.PageLaunchTest" time="46.558" errors="0" timestamp="26 Aug 2019 17:14:34 GMT" skipped="0">
  <testcase classname="EME.PageLaunchTest" name="MyPackagesButtonTest" time="5.609"/>
  <testcase classname="EME.PageLaunchTest" name="CartButtonTest" time="5.751"/>
  <testcase classname="EME.PageLaunchTest" name="AcctHistoryButtonTest" time="4.264"/>
  <testcase classname="EME.PageLaunchTest" name="PayNowButtonTest" time="4.810"/>
  <testcase classname="EME.PageLaunchTest" name="ScheduleClassesButtonTest" time="1.994"/>
  <testcase classname="EME.PageLaunchTest" name="ScheduleApptsButtonTest" time="12.077"/>
  <testcase classname="EME.PageLaunchTest" name="ManageFamilyButtonTest" time="2.096"/>
  <testcase classname="EME.PageLaunchTest" name="EditMyInfoButtonTest" time="3.189"/>
  <testcase classname="EME.PageLaunchTest" name="ForgotUsernameButtonTest" time="6.300"/>
  <testcase classname="EME.PageLaunchTest" name="ForgotPasswordButtonTest" time="0.468"/>
</testsuite> <!-- EME.PageLaunchTest -->
