<?xml version="1.0" encoding="UTF-8"?>
<!-- Generated by org.testng.reporters.JUnitReportReporter -->
<testsuite hostname="COL-TNUZUM" failures="0" tests="4" name="EME.loginPageTest" time="0.764" errors="0" timestamp="16 Aug 2019 16:13:59 GMT" skipped="0">
  <testcase classname="EME.loginPageTest" name="pageTitle" time="0.009"/>
  <testcase classname="EME.loginPageTest" name="pageTextLabels" time="0.121"/>
  <testcase classname="EME.loginPageTest" name="noUserMessages" time="0.281"/>
  <testcase classname="EME.loginPageTest" name="wrongCredentialsMessages" time="0.353"/>
</testsuite> <!-- EME.loginPageTest -->
