<?xml version="1.0" encoding="UTF-8"?>
<!-- Generated by org.testng.reporters.JUnitReportReporter -->
<testsuite hostname="COL-TNUZUM" failures="0" tests="10" name="EME.PageLaunchTest" time="38.816" errors="0" timestamp="31 Jul 2019 15:46:32 GMT" skipped="0">
  <testcase classname="EME.PageLaunchTest" name="MyPackagesButtonTest" time="5.580"/>
  <testcase classname="EME.PageLaunchTest" name="CartButtonTest" time="5.768"/>
  <testcase classname="EME.PageLaunchTest" name="AcctHistoryButtonTest" time="2.757"/>
  <testcase classname="EME.PageLaunchTest" name="PayNowButtonTest" time="2.749"/>
  <testcase classname="EME.PageLaunchTest" name="ScheduleClassesButtonTest" time="7.598"/>
  <testcase classname="EME.PageLaunchTest" name="ScheduleApptsButtonTest" time="5.170"/>
  <testcase classname="EME.PageLaunchTest" name="ManageFamilyButtonTest" time="0.565"/>
  <testcase classname="EME.PageLaunchTest" name="EditMyInfoButtonTest" time="3.202"/>
  <testcase classname="EME.PageLaunchTest" name="ForgotUsernameButtonTest" time="4.949"/>
  <testcase classname="EME.PageLaunchTest" name="ForgotPasswordButtonTest" time="0.478"/>
</testsuite> <!-- EME.PageLaunchTest -->
