<?xml version="1.0" encoding="UTF-8"?>
<!-- Generated by org.testng.reporters.JUnitReportReporter -->
<testsuite hostname="COL-TNUZUM" failures="0" tests="1" name="EME.LocatorTestingOnly" time="7.650" errors="0" timestamp="26 Jul 2019 15:01:15 GMT" skipped="0">
  <testcase classname="EME.LocatorTestingOnly" name="locatorTestingOnly" time="7.650"/>
</testsuite> <!-- EME.LocatorTestingOnly -->
