<?xml version="1.0" encoding="UTF-8"?>
<!-- Generated by org.testng.reporters.JUnitReportReporter -->
<testsuite hostname="COL-TNUZUM" failures="0" tests="3" name="EME.MakeApptTest" time="39.944" errors="0" timestamp="2019-10-08T15:16:12 EDT" skipped="0">
  <testcase classname="EME.MakeApptTest" name="ScheduleAppointment" time="28.538"/>
  <testcase classname="EME.MakeApptTest" name="ConfirmAppointmentIsScheduled" time="0.049"/>
  <testcase classname="EME.MakeApptTest" name="CancelAppointment" time="11.357"/>
</testsuite> <!-- EME.MakeApptTest -->
