<?xml version="1.0" encoding="UTF-8"?>
<!-- Generated by org.testng.reporters.JUnitReportReporter -->
<testsuite hostname="COL-TNUZUM" failures="0" tests="5" name="EME.loginMemberTest" time="96.909" errors="0" timestamp="22 Jul 2019 19:41:53 GMT" skipped="0">
  <testcase classname="EME.loginMemberTest" name="activeMember1Login" time="15.659"/>
  <testcase classname="EME.loginMemberTest" name="activeMember2Login" time="24.650"/>
  <testcase classname="EME.loginMemberTest" name="activeMember3Login" time="26.707"/>
  <testcase classname="EME.loginMemberTest" name="activeMember4Login" time="15.007"/>
  <testcase classname="EME.loginMemberTest" name="activeMember5Login" time="14.886"/>
</testsuite> <!-- EME.loginMemberTest -->
