<?xml version="1.0" encoding="UTF-8"?>
<!-- Generated by org.testng.reporters.JUnitReportReporter -->
<testsuite hostname="COL-BKALLE" failures="0" tests="4" name="EME.loginPageTest" time="0.784" errors="0" timestamp="2019-10-31T14:43:53 EDT" skipped="0">
  <testcase classname="EME.loginPageTest" name="pageTitle" time="0.008"/>
  <testcase classname="EME.loginPageTest" name="pageTextLabels" time="0.123"/>
  <testcase classname="EME.loginPageTest" name="noUserMessages" time="0.285"/>
  <testcase classname="EME.loginPageTest" name="wrongCredentialsMessages" time="0.368"/>
</testsuite> <!-- EME.loginPageTest -->
