<?xml version="1.0" encoding="UTF-8"?>
<!-- Generated by org.testng.reporters.JUnitReportReporter -->
<testsuite hostname="COL-TNUZUM" failures="0" tests="2" name="EME.MakePaymentTest" time="25.848" errors="0" timestamp="02 Aug 2019 13:08:01 GMT" skipped="0">
  <testcase classname="EME.MakePaymentTest" name="MakePayment" time="25.815"/>
  <testcase classname="EME.MakePaymentTest" name="ConfirmPaymentApplied" time="0.033"/>
</testsuite> <!-- EME.MakePaymentTest -->
