<?xml version="1.0" encoding="UTF-8"?>
<!-- Generated by org.testng.reporters.JUnitReportReporter -->
<testsuite hostname="COL-TNUZUM" failures="0" tests="6" name="EME.MemberLoginTest" time="56.621" errors="0" timestamp="16 Aug 2019 14:05:43 GMT" skipped="0">
  <testcase classname="EME.MemberLoginTest" name="activeMember1Login" time="5.351"/>
  <testcase classname="EME.MemberLoginTest" name="activeMember2Login" time="13.103"/>
  <testcase classname="EME.MemberLoginTest" name="activeMember3Login" time="14.530"/>
  <testcase classname="EME.MemberLoginTest" name="activeMember4Login" time="4.831"/>
  <testcase classname="EME.MemberLoginTest" name="collectionsMember1Login" time="13.833"/>
  <testcase classname="EME.MemberLoginTest" name="prospectMember1Login" time="4.973"/>
</testsuite> <!-- EME.MemberLoginTest -->
