<?xml version="1.0" encoding="UTF-8"?>
<!-- Generated by org.testng.reporters.JUnitReportReporter -->
<testsuite hostname="COL-TNUZUM" failures="0" tests="4" name="EME.loginPageTest" time="0.801" errors="0" timestamp="16 Aug 2019 14:05:43 GMT" skipped="0">
  <testcase classname="EME.loginPageTest" name="pageTitle" time="0.006"/>
  <testcase classname="EME.loginPageTest" name="pageTextLabels" time="0.144"/>
  <testcase classname="EME.loginPageTest" name="noUserMessages" time="0.292"/>
  <testcase classname="EME.loginPageTest" name="wrongCredentialsMessages" time="0.359"/>
</testsuite> <!-- EME.loginPageTest -->
